Log file open, 03/14/20 19:11:28
LogWindows: Failed to load 'aqProf.dll' (GetLastError=126)
LogWindows: File 'aqProf.dll' does not exist
LogWindows: Failed to load 'VtuneApi.dll' (GetLastError=126)
LogWindows: File 'VtuneApi.dll' does not exist
LogWindows: Failed to load 'VtuneApi32e.dll' (GetLastError=126)
LogWindows: File 'VtuneApi32e.dll' does not exist
LogConsoleResponse: Display: Failed to find resolution value strings in scalability ini. Falling back to default.
LogInit: Display: Running engine for game: Client
LogPakFile: Registered encryption key '00000000000000000000000000000000': 0 pak files mounted, 0 remain pending
LogPlatformFile: Not using cached read wrapper
LogTaskGraph: Started task graph with 5 named threads and 47 total threads with 3 sets of task threads.
LogStats: Stats thread started at 0.523675
LogD3D11RHI: Loaded GFSDK_Aftermath_Lib.x64.dll
LogICUInternationalization: ICU TimeZone Detection - Raw Offset: +8:00, Platform Override: ''
LogPluginManager: Mounting plugin Paper2D
LogPluginManager: Mounting plugin AISupport
LogPluginManager: Mounting plugin LightPropagationVolume
LogPluginManager: Mounting plugin ActorLayerUtilities
LogPluginManager: Mounting plugin AnimationSharing
LogPluginManager: Mounting plugin CLionSourceCodeAccess
LogPluginManager: Mounting plugin CodeLiteSourceCodeAccess
LogPluginManager: Mounting plugin GitSourceControl
LogPluginManager: Mounting plugin KDevelopSourceCodeAccess
LogPluginManager: Mounting plugin NullSourceCodeAccess
LogPluginManager: Mounting plugin PerforceSourceControl
LogPluginManager: Mounting plugin SubversionSourceControl
LogPluginManager: Mounting plugin UObjectPlugin
LogPluginManager: Mounting plugin VisualStudioCodeSourceCodeAccess
LogPluginManager: Mounting plugin VisualStudioSourceCodeAccess
LogPluginManager: Mounting plugin XCodeSourceCodeAccess
LogPluginManager: Mounting plugin AssetManagerEditor
LogPluginManager: Mounting plugin CryptoKeys
LogPluginManager: Mounting plugin DataValidation
LogPluginManager: Mounting plugin FacialAnimation
LogPluginManager: Mounting plugin GameplayTagsEditor
LogPluginManager: Mounting plugin MacGraphicsSwitching
LogPluginManager: Mounting plugin MaterialAnalyzer
LogPluginManager: Mounting plugin MobileLauncherProfileWizard
LogPluginManager: Mounting plugin PluginBrowser
LogPluginManager: Mounting plugin SpeedTreeImporter
LogPluginManager: Mounting plugin DatasmithContent
LogPluginManager: Mounting plugin VariantManagerContent
LogPluginManager: Mounting plugin AlembicImporter
LogPluginManager: Mounting plugin AppleImageUtils
LogPluginManager: Mounting plugin AppleVision
LogPluginManager: Mounting plugin BackChannel
LogPluginManager: Mounting plugin CharacterAI
LogPluginManager: Mounting plugin GeometryCache
LogPluginManager: Mounting plugin HTML5Networking
LogPluginManager: Mounting plugin ProxyLODPlugin
LogPluginManager: Mounting plugin SkeletalReduction
LogPluginManager: Mounting plugin MagicLeap
LogPluginManager: Mounting plugin MagicLeapMedia
LogPluginManager: Mounting plugin AndroidMedia
LogPluginManager: Mounting plugin AvfMedia
LogPluginManager: Mounting plugin ImgMedia
LogPluginManager: Mounting plugin LinearTimecode
LogPluginManager: Mounting plugin MediaCompositing
LogPluginManager: Mounting plugin MediaPlayerEditor
LogPluginManager: Mounting plugin WebMMedia
LogPluginManager: Mounting plugin WmfMedia
LogPluginManager: Mounting plugin TcpMessaging
LogPluginManager: Mounting plugin UdpMessaging
LogPluginManager: Mounting plugin ActorSequence
LogPluginManager: Mounting plugin LevelSequenceEditor
LogPluginManager: Mounting plugin MatineeToLevelSequence
LogPluginManager: Mounting plugin NetcodeUnitTest
LogPluginManager: Mounting plugin NUTUnrealEngine4
LogPluginManager: Mounting plugin OnlineSubsystemGooglePlay
LogPluginManager: Mounting plugin OnlineSubsystemIOS
LogPluginManager: Mounting plugin OnlineSubsystem
LogPluginManager: Mounting plugin OnlineSubsystemNull
LogPluginManager: Mounting plugin OnlineSubsystemUtils
LogPluginManager: Mounting plugin LauncherChunkInstaller
LogPluginManager: Mounting plugin AndroidDeviceProfileSelector
LogPluginManager: Mounting plugin AndroidMoviePlayer
LogPluginManager: Mounting plugin AndroidPermission
LogPluginManager: Mounting plugin AppleMoviePlayer
LogPluginManager: Mounting plugin ArchVisCharacter
LogPluginManager: Mounting plugin AudioCapture
LogPluginManager: Mounting plugin CableComponent
LogPluginManager: Mounting plugin CustomMeshComponent
LogPluginManager: Mounting plugin EditableMesh
LogPluginManager: Mounting plugin ExampleDeviceProfileSelector
LogPluginManager: Mounting plugin Firebase
LogPluginManager: Mounting plugin GoogleCloudMessaging
LogPluginManager: Mounting plugin IOSDeviceProfileSelector
LogPluginManager: Mounting plugin LinuxDeviceProfileSelector
LogPluginManager: Mounting plugin LocationServicesBPLibrary
LogPluginManager: Mounting plugin MobilePatchingUtils
LogPluginManager: Mounting plugin OculusVR
LogPluginManager: Mounting plugin PhysXVehicles
LogPluginManager: Mounting plugin ProceduralMeshComponent
LogPluginManager: Mounting plugin RuntimePhysXCooking
LogPluginManager: Mounting plugin SignificanceManager
LogPluginManager: Mounting plugin SteamVR
LogPluginManager: Mounting plugin WebMMoviePlayer
LogPluginManager: Mounting plugin WindowsMoviePlayer
LogPluginManager: Mounting plugin KBEnginePlugins
LogInit: Warning: Incompatible or missing module: KBEnginePlugins
Running E:/EpicGame/UE_4.22/Engine/Binaries/DotNET/UnrealBuildTool.exe Development Win64 -Project="E:/PRJX/Client/Client.uproject" -TargetType=Editor -Progress -NoHotReloadFromIDE
Creating makefile for ClientEditor (no existing makefile)
@progress push 5%
Parsing headers for ClientEditor
  Running UnrealHeaderTool "E:\PRJX\Client\Client.uproject" "E:\PRJX\Client\Intermediate\Build\Win64\ClientEditor\Development\ClientEditor.uhtmanifest" -LogCmds="loginit warning, logexit warning, logdatabase error" -Unattended -WarningsAsErrors -installed
Reflection code generated for ClientEditor in 5.4847472 seconds
@progress pop
Using Visual Studio 2019 14.24.28314 toolchain (C:\Program Files (x86)\Microsoft Visual Studio\2019\Enterprise\VC\Tools\MSVC\14.24.28314) and Windows 10.0.18362.0 SDK (C:\Program Files (x86)\Windows Kits\10).
Building 16 actions with 16 processes...
  @progress 'Compiling C++ source code...' 0%
  @progress 'Compiling C++ source code...' 6%
  [1/16] Default.rc2
  @progress 'Compiling C++ source code...' 12%
  [2/16] Client.cpp
  @progress 'Compiling C++ source code...' 19%
  [3/16] Client.init.gen.cpp
  @progress 'Compiling C++ source code...' 25%
  [4/16] ikcp.c
  @progress 'Compiling C++ source code...' 31%
  [5/16] ClientGameMode.gen.cpp
  @progress 'Compiling C++ source code...' 38%
  [6/16] ClientCharacter.gen.cpp
  @progress 'Compiling C++ source code...' 44%
  [7/16] ClientGameMode.cpp
  @progress 'Compiling C++ source code...' 50%
  [8/16] ClientCharacter.cpp
  @progress 'Compiling C++ source code...' 56%
  [9/16] UE4Editor-Client.lib
    ???ڴ????? E:\PRJX\Client\Intermediate\Build\Win64\UE4Editor\Development\Client\UE4Editor-Client.lib ?Ͷ??? E:\PRJX\Client\Intermediate\Build\Win64\UE4Editor\Development\Client\UE4Editor-Client.exp
  @progress 'Compiling C++ source code...' 62%
  [10/16] SharedPCH.UnrealEd.NoUndef.cpp
  @progress 'Compiling C++ source code...' 69%
  [11/16] Module.KBEnginePlugins.gen.cpp
  @progress 'Compiling C++ source code...' 75%
  [12/16] Module.KBEnginePlugins.cpp
  E:\PRJX\Client\Plugins\kbengine_ue4_plugins\Source\KBEnginePlugins\Engine\ClientSDKUpdater.cpp(103): warning C4456: ??pEventData????????????????һ??????????
  E:\PRJX\Client\Plugins\kbengine_ue4_plugins\Source\KBEnginePlugins\Engine\ClientSDKUpdater.cpp(42): note: ?μ???pEventData????????  @progress 'Compiling C++ source code...' 81%
  [13/16] UE4Editor-KBEnginePlugins.lib
    ???ڴ????? E:\PRJX\Client\Plugins\kbengine_ue4_plugins\Intermediate\Build\Win64\UE4Editor\Development\KBEnginePlugins\UE4Editor-KBEnginePlugins.lib ?Ͷ??? E:\PRJX\Client\Plugins\kbengine_ue4_plugins\Intermediate\Build\Win64\UE4Editor\Development\KBEnginePlugins\UE4Editor-KBEnginePlugins.exp
  @progress 'Compiling C++ source code...' 88%
  [14/16] UE4Editor-KBEnginePlugins.dll
    ???ڴ????? E:\PRJX\Client\Plugins\kbengine_ue4_plugins\Intermediate\Build\Win64\UE4Editor\Development\KBEnginePlugins\UE4Editor-KBEnginePlugins.suppressed.lib ?Ͷ??? E:\PRJX\Client\Plugins\kbengine_ue4_plugins\Intermediate\Build\Win64\UE4Editor\Development\KBEnginePlugins\UE4Editor-KBEnginePlugins.suppressed.exp
  @progress 'Compiling C++ source code...' 94%
  [15/16] UE4Editor-Client.dll
    ???ڴ????? E:\PRJX\Client\Intermediate\Build\Win64\UE4Editor\Development\Client\UE4Editor-Client.suppressed.lib ?Ͷ??? E:\PRJX\Client\Intermediate\Build\Win64\UE4Editor\Development\Client\UE4Editor-Client.suppressed.exp
  @progress 'Compiling C++ source code...' 100%
  [16/16] ClientEditor.target
Total time in Parallel executor: 40.02 seconds
Total execution time: 47.14 seconds
LogInit: Using libcurl 7.55.1-DEV
LogInit:  - built for x86_64-pc-win32
LogInit:  - supports SSL with OpenSSL/1.1.1
LogInit:  - supports HTTP deflate (compression) using libz 1.2.8
LogInit:  - other features:
LogInit:      CURL_VERSION_SSL
LogInit:      CURL_VERSION_LIBZ
LogInit:      CURL_VERSION_IPV6
LogInit:      CURL_VERSION_ASYNCHDNS
LogInit:      CURL_VERSION_LARGEFILE
LogInit:      CURL_VERSION_IDN
LogInit:  CurlRequestOptions (configurable via config and command line):
LogInit:  - bVerifyPeer = true  - Libcurl will verify peer certificate
LogInit:  - bUseHttpProxy = false  - Libcurl will NOT use HTTP proxy
LogInit:  - bDontReuseConnections = false  - Libcurl will reuse connections
LogInit:  - MaxHostConnections = 16  - Libcurl will limit the number of connections to a host
LogInit:  - LocalHostAddr = Default
LogInit:  - BufferSize = 65536
LogInit: WinSock: version 1.1 (2.2), MaxSocks=32767, MaxUdp=65467
LogInit: Build: ++UE4+Release-4.22-CL-7053642
LogInit: Engine Version: 4.22.3-7053642+++UE4+Release-4.22
LogInit: Compatible Engine Version: 4.22.0-5660361+++UE4+Release-4.22
LogInit: Net CL: 5660361
LogInit: OS: Windows 10 (Release 1909) (), CPU: AMD Ryzen 7 2700X Eight-Core Processor         , GPU: NVIDIA GeForce GTX 1070 Ti
LogInit: Compiled (64-bit): Jun 18 2019 03:09:11
LogInit: Compiled with Visual C++: 19.16.27025.01
LogInit: Build Configuration: Development
LogInit: Branch Name: ++UE4+Release-4.22
LogInit: Command Line: 
LogInit: Base Directory: E:/EpicGame/UE_4.22/Engine/Binaries/Win64/
LogInit: Installed Engine Build: 1
LogDevObjectVersion: Number of dev versions registered: 23
LogDevObjectVersion:   Dev-Blueprints (B0D832E4-1F89-4F0D-ACCF-7EB736FD4AA2): 10
LogDevObjectVersion:   Dev-Build (E1C64328-A22C-4D53-A36C-8E866417BD8C): 0
LogDevObjectVersion:   Dev-Core (375EC13C-06E4-48FB-B500-84F0262A717E): 3
LogDevObjectVersion:   Dev-Editor (E4B068ED-F494-42E9-A231-DA0B2E46BB41): 30
LogDevObjectVersion:   Dev-Framework (CFFC743F-43B0-4480-9391-14DF171D2073): 35
LogDevObjectVersion:   Dev-Mobile (B02B49B5-BB20-44E9-A304-32B752E40360): 2
LogDevObjectVersion:   Dev-Networking (A4E4105C-59A1-49B5-A7C5-40C4547EDFEE): 0
LogDevObjectVersion:   Dev-Online (39C831C9-5AE6-47DC-9A44-9C173E1C8E7C): 0
LogDevObjectVersion:   Dev-Physics (78F01B33-EBEA-4F98-B9B4-84EACCB95AA2): 0
LogDevObjectVersion:   Dev-Platform (6631380F-2D4D-43E0-8009-CF276956A95A): 0
LogDevObjectVersion:   Dev-Rendering (12F88B9F-8875-4AFC-A67C-D90C383ABD29): 28
LogDevObjectVersion:   Dev-Sequencer (7B5AE74C-D270-4C10-A958-57980B212A5A): 11
LogDevObjectVersion:   Dev-VR (D7296918-1DD6-4BDD-9DE2-64A83CC13884): 2
LogDevObjectVersion:   Dev-LoadTimes (C2A15278-BFE7-4AFE-6C17-90FF531DF755): 1
LogDevObjectVersion:   Private-Geometry (6EACA3D4-40EC-4CC1-B786-8BED09428FC5): 3
LogDevObjectVersion:   Dev-AnimPhys (29E575DD-E0A3-4627-9D10-D276232CDCEA): 17
LogDevObjectVersion:   Dev-Anim (AF43A65D-7FD3-4947-9873-3E8ED9C1BB05): 2
LogDevObjectVersion:   Dev-ReflectionCapture (6B266CEC-1EC7-4B8F-A30B-E4D90942FC07): 1
LogDevObjectVersion:   Dev-Automation (0DF73D61-A23F-47EA-B727-89E90C41499A): 1
LogDevObjectVersion:   FortniteMain (601D1886-AC64-4F84-AA16-D3DE0DEAC7D6): 25
LogDevObjectVersion:   Dev-Enterprise (9DFFBCD6-494F-0158-E221-12823C92A888): 6
LogDevObjectVersion:   Dev-Niagara (F2AED0AC-9AFE-416F-8664-AA7FFA26D6FC): 1
LogDevObjectVersion:   Dev-Destruction (174F1F0B-B4C6-45A5-B13F-2EE8D0FB917D): 2
LogInit: Presizing for max 16777216 objects, including 0 objects not considered by GC, pre-allocating 0 bytes for permanent pool.
LogInit: Object subsystem initialized
LogConfig: Setting CVar [[con.DebugEarlyDefault:1]]
LogConfig: Setting CVar [[r.setres:1280x720]]
[2020.03.14-11.12.17:816][  0]LogConfig: Setting CVar [[r.VSync:0]]
[2020.03.14-11.12.17:816][  0]LogConfig: Setting CVar [[r.RHICmdBypass:0]]
[2020.03.14-11.12.17:816][  0]LogConfig: Applying CVar settings from Section [/Script/Engine.RendererSettings] File [E:/PRJX/Client/Saved/Config/Windows/Engine.ini]
[2020.03.14-11.12.17:816][  0]LogConfig: Setting CVar [[r.GPUCrashDebugging:0]]
[2020.03.14-11.12.17:816][  0]LogConfig: Applying CVar settings from Section [/Script/Engine.RendererOverrideSettings] File [E:/PRJX/Client/Saved/Config/Windows/Engine.ini]
[2020.03.14-11.12.17:816][  0]LogConfig: Applying CVar settings from Section [/Script/Engine.StreamingSettings] File [E:/PRJX/Client/Saved/Config/Windows/Engine.ini]
[2020.03.14-11.12.17:816][  0]LogConfig: Setting CVar [[s.MinBulkDataSizeForAsyncLoading:131072]]
[2020.03.14-11.12.17:816][  0]LogConfig: Setting CVar [[s.AsyncLoadingThreadEnabled:0]]
[2020.03.14-11.12.17:816][  0]LogConfig: Setting CVar [[s.EventDrivenLoaderEnabled:1]]
[2020.03.14-11.12.17:816][  0]LogConfig: Setting CVar [[s.WarnIfTimeLimitExceeded:0]]
[2020.03.14-11.12.17:816][  0]LogConfig: Setting CVar [[s.TimeLimitExceededMultiplier:1.5]]
[2020.03.14-11.12.17:817][  0]LogConfig: Setting CVar [[s.TimeLimitExceededMinTime:0.005]]
[2020.03.14-11.12.17:817][  0]LogConfig: Setting CVar [[s.UseBackgroundLevelStreaming:1]]
[2020.03.14-11.12.17:817][  0]LogConfig: Setting CVar [[s.PriorityAsyncLoadingExtraTime:15.0]]
[2020.03.14-11.12.17:817][  0]LogConfig: Setting CVar [[s.LevelStreamingActorsUpdateTimeLimit:5.0]]
[2020.03.14-11.12.17:817][  0]LogConfig: Setting CVar [[s.PriorityLevelStreamingActorsUpdateExtraTime:5.0]]
[2020.03.14-11.12.17:817][  0]LogConfig: Setting CVar [[s.LevelStreamingComponentsRegistrationGranularity:10]]
[2020.03.14-11.12.17:817][  0]LogConfig: Setting CVar [[s.UnregisterComponentsTimeLimit:1.0]]
[2020.03.14-11.12.17:817][  0]LogConfig: Setting CVar [[s.LevelStreamingComponentsUnregistrationGranularity:5]]
[2020.03.14-11.12.17:817][  0]LogConfig: Applying CVar settings from Section [/Script/Engine.GarbageCollectionSettings] File [E:/PRJX/Client/Saved/Config/Windows/Engine.ini]
[2020.03.14-11.12.17:817][  0]LogConfig: Setting CVar [[gc.MaxObjectsNotConsideredByGC:1]]
[2020.03.14-11.12.17:817][  0]LogConfig: Setting CVar [[gc.SizeOfPermanentObjectPool:0]]
[2020.03.14-11.12.17:817][  0]LogConfig: Setting CVar [[gc.FlushStreamingOnGC:0]]
[2020.03.14-11.12.17:817][  0]LogConfig: Setting CVar [[gc.NumRetriesBeforeForcingGC:10]]
[2020.03.14-11.12.17:817][  0]LogConfig: Setting CVar [[gc.AllowParallelGC:1]]
[2020.03.14-11.12.17:817][  0]LogConfig: Setting CVar [[gc.TimeBetweenPurgingPendingKillObjects:61.1]]
[2020.03.14-11.12.17:817][  0]LogConfig: Setting CVar [[gc.MaxObjectsInEditor:16777216]]
[2020.03.14-11.12.17:817][  0]LogConfig: Setting CVar [[gc.IncrementalBeginDestroyEnabled:1]]
[2020.03.14-11.12.17:817][  0]LogConfig: Setting CVar [[gc.CreateGCClusters:1]]
[2020.03.14-11.12.17:817][  0]LogConfig: Setting CVar [[gc.MinGCClusterSize:5]]
[2020.03.14-11.12.17:817][  0]LogConfig: Setting CVar [[gc.ActorClusteringEnabled:0]]
[2020.03.14-11.12.17:817][  0]LogConfig: Setting CVar [[gc.BlueprintClusteringEnabled:0]]
[2020.03.14-11.12.17:817][  0]LogConfig: Setting CVar [[gc.UseDisregardForGCOnDedicatedServers:0]]
[2020.03.14-11.12.17:817][  0]LogConfig: Applying CVar settings from Section [/Script/Engine.NetworkSettings] File [E:/PRJX/Client/Saved/Config/Windows/Engine.ini]
[2020.03.14-11.12.17:817][  0]LogConfig: Applying CVar settings from Section [/Script/UnrealEd.CookerSettings] File [E:/PRJX/Client/Saved/Config/Windows/Engine.ini]
[2020.03.14-11.12.17:821][  0]LogConfig: Applying CVar settings from Section [ViewDistanceQuality@3] File [E:/PRJX/Client/Saved/Config/Windows/Scalability.ini]
[2020.03.14-11.12.17:821][  0]LogConfig: Setting CVar [[r.SkeletalMeshLODBias:0]]
[2020.03.14-11.12.17:821][  0]LogConfig: Setting CVar [[r.ViewDistanceScale:1.0]]
[2020.03.14-11.12.17:821][  0]LogConfig: Applying CVar settings from Section [AntiAliasingQuality@3] File [E:/PRJX/Client/Saved/Config/Windows/Scalability.ini]
[2020.03.14-11.12.17:821][  0]LogConfig: Setting CVar [[r.PostProcessAAQuality:4]]
[2020.03.14-11.12.17:821][  0]LogConfig: Applying CVar settings from Section [ShadowQuality@3] File [E:/PRJX/Client/Saved/Config/Windows/Scalability.ini]
[2020.03.14-11.12.17:821][  0]LogConfig: Setting CVar [[r.LightFunctionQuality:1]]
[2020.03.14-11.12.17:821][  0]LogConfig: Setting CVar [[r.ShadowQuality:5]]
[2020.03.14-11.12.17:821][  0]LogConfig: Setting CVar [[r.Shadow.CSM.MaxCascades:10]]
[2020.03.14-11.12.17:821][  0]LogConfig: Setting CVar [[r.Shadow.MaxResolution:2048]]
[2020.03.14-11.12.17:821][  0]LogConfig: Setting CVar [[r.Shadow.MaxCSMResolution:2048]]
[2020.03.14-11.12.17:821][  0]LogConfig: Setting CVar [[r.Shadow.RadiusThreshold:0.01]]
[2020.03.14-11.12.17:821][  0]LogConfig: Setting CVar [[r.Shadow.DistanceScale:1.0]]
[2020.03.14-11.12.17:821][  0]LogConfig: Setting CVar [[r.Shadow.CSM.TransitionScale:1.0]]
[2020.03.14-11.12.17:821][  0]LogConfig: Setting CVar [[r.Shadow.PreShadowResolutionFactor:1.0]]
[2020.03.14-11.12.17:821][  0]LogConfig: Setting CVar [[r.DistanceFieldShadowing:1]]
[2020.03.14-11.12.17:821][  0]LogConfig: Setting CVar [[r.DistanceFieldAO:1]]
[2020.03.14-11.12.17:821][  0]LogConfig: Setting CVar [[r.AOQuality:2]]
[2020.03.14-11.12.17:821][  0]LogConfig: Setting CVar [[r.VolumetricFog:1]]
[2020.03.14-11.12.17:821][  0]LogConfig: Setting CVar [[r.VolumetricFog.GridPixelSize:8]]
[2020.03.14-11.12.17:821][  0]LogConfig: Setting CVar [[r.VolumetricFog.GridSizeZ:128]]
[2020.03.14-11.12.17:821][  0]LogConfig: Setting CVar [[r.VolumetricFog.HistoryMissSupersampleCount:4]]
[2020.03.14-11.12.17:821][  0]LogConfig: Setting CVar [[r.LightMaxDrawDistanceScale:1]]
[2020.03.14-11.12.17:821][  0]LogConfig: Setting CVar [[r.CapsuleShadows:1]]
[2020.03.14-11.12.17:821][  0]LogConfig: Applying CVar settings from Section [PostProcessQuality@3] File [E:/PRJX/Client/Saved/Config/Windows/Scalability.ini]
[2020.03.14-11.12.17:821][  0]LogConfig: Setting CVar [[r.MotionBlurQuality:4]]
[2020.03.14-11.12.17:821][  0]LogConfig: Setting CVar [[r.AmbientOcclusionMipLevelFactor:0.4]]
[2020.03.14-11.12.17:821][  0]LogConfig: Setting CVar [[r.AmbientOcclusionMaxQuality:100]]
[2020.03.14-11.12.17:821][  0]LogConfig: Setting CVar [[r.AmbientOcclusionLevels:-1]]
[2020.03.14-11.12.17:821][  0]LogConfig: Setting CVar [[r.AmbientOcclusionRadiusScale:1.0]]
[2020.03.14-11.12.17:821][  0]LogConfig: Setting CVar [[r.DepthOfFieldQuality:2]]
[2020.03.14-11.12.17:821][  0]LogConfig: Setting CVar [[r.RenderTargetPoolMin:400]]
[2020.03.14-11.12.17:821][  0]LogConfig: Setting CVar [[r.LensFlareQuality:2]]
[2020.03.14-11.12.17:821][  0]LogConfig: Setting CVar [[r.SceneColorFringeQuality:1]]
[2020.03.14-11.12.17:821][  0]LogConfig: Setting CVar [[r.EyeAdaptationQuality:2]]
[2020.03.14-11.12.17:821][  0]LogConfig: Setting CVar [[r.BloomQuality:5]]
[2020.03.14-11.12.17:821][  0]LogConfig: Setting CVar [[r.FastBlurThreshold:100]]
[2020.03.14-11.12.17:821][  0]LogConfig: Setting CVar [[r.Upscale.Quality:3]]
[2020.03.14-11.12.17:821][  0]LogConfig: Setting CVar [[r.Tonemapper.GrainQuantization:1]]
[2020.03.14-11.12.17:821][  0]LogConfig: Setting CVar [[r.LightShaftQuality:1]]
[2020.03.14-11.12.17:821][  0]LogConfig: Setting CVar [[r.Filter.SizeScale:1]]
[2020.03.14-11.12.17:821][  0]LogConfig: Setting CVar [[r.Tonemapper.Quality:5]]
[2020.03.14-11.12.17:821][  0]LogConfig: Setting CVar [[r.DOF.Gather.AccumulatorQuality:1        ; higher gathering accumulator quality]]
[2020.03.14-11.12.17:821][  0]LogConfig: Setting CVar [[r.DOF.Gather.PostfilterMethod:1          ; Median3x3 postfilering method]]
[2020.03.14-11.12.17:821][  0]LogConfig: Setting CVar [[r.DOF.Gather.EnableBokehSettings:0       ; no bokeh simulation when gathering]]
[2020.03.14-11.12.17:821][  0]LogConfig: Setting CVar [[r.DOF.Gather.RingCount:4                 ; medium number of samples when gathering]]
[2020.03.14-11.12.17:822][  0]LogConfig: Setting CVar [[r.DOF.Scatter.ForegroundCompositing:1    ; additive foreground scattering]]
[2020.03.14-11.12.17:822][  0]LogConfig: Setting CVar [[r.DOF.Scatter.BackgroundCompositing:2    ; additive background scattering]]
[2020.03.14-11.12.17:822][  0]LogConfig: Setting CVar [[r.DOF.Scatter.EnableBokehSettings:1      ; bokeh simulation when scattering]]
[2020.03.14-11.12.17:822][  0]LogConfig: Setting CVar [[r.DOF.Scatter.MaxSpriteRatio:0.1         ; only a maximum of 10% of scattered bokeh]]
[2020.03.14-11.12.17:822][  0]LogConfig: Setting CVar [[r.DOF.Recombine.Quality:1                ; cheap slight out of focus]]
[2020.03.14-11.12.17:822][  0]LogConfig: Setting CVar [[r.DOF.Recombine.EnableBokehSettings:0    ; no bokeh simulation on slight out of focus]]
[2020.03.14-11.12.17:822][  0]LogConfig: Setting CVar [[r.DOF.TemporalAAQuality:1                ; more stable temporal accumulation]]
[2020.03.14-11.12.17:822][  0]LogConfig: Setting CVar [[r.DOF.Kernel.MaxForegroundRadius:0.025]]
[2020.03.14-11.12.17:822][  0]LogConfig: Setting CVar [[r.DOF.Kernel.MaxBackgroundRadius:0.025]]
[2020.03.14-11.12.17:822][  0]LogConfig: Applying CVar settings from Section [TextureQuality@3] File [E:/PRJX/Client/Saved/Config/Windows/Scalability.ini]
[2020.03.14-11.12.17:822][  0]LogConfig: Setting CVar [[r.Streaming.MipBias:0]]
[2020.03.14-11.12.17:822][  0]LogConfig: Setting CVar [[r.Streaming.AmortizeCPUToGPUCopy:0]]
[2020.03.14-11.12.17:822][  0]LogConfig: Setting CVar [[r.Streaming.MaxNumTexturesToStreamPerFrame:0]]
[2020.03.14-11.12.17:822][  0]LogConfig: Setting CVar [[r.Streaming.Boost:1]]
[2020.03.14-11.12.17:822][  0]LogConfig: Setting CVar [[r.MaxAnisotropy:8]]
[2020.03.14-11.12.17:822][  0]LogConfig: Setting CVar [[r.Streaming.LimitPoolSizeToVRAM:0]]
[2020.03.14-11.12.17:822][  0]LogConfig: Setting CVar [[r.Streaming.PoolSize:1000]]
[2020.03.14-11.12.17:822][  0]LogConfig: Setting CVar [[r.Streaming.MaxEffectiveScreenSize:0]]
[2020.03.14-11.12.17:822][  0]LogConfig: Applying CVar settings from Section [EffectsQuality@3] File [E:/PRJX/Client/Saved/Config/Windows/Scalability.ini]
[2020.03.14-11.12.17:822][  0]LogConfig: Setting CVar [[r.TranslucencyLightingVolumeDim:64]]
[2020.03.14-11.12.17:822][  0]LogConfig: Setting CVar [[r.RefractionQuality:2]]
[2020.03.14-11.12.17:822][  0]LogConfig: Setting CVar [[r.SSR.Quality:3]]
[2020.03.14-11.12.17:822][  0]LogConfig: Setting CVar [[r.SceneColorFormat:4]]
[2020.03.14-11.12.17:822][  0]LogConfig: Setting CVar [[r.DetailMode:2]]
[2020.03.14-11.12.17:822][  0]LogConfig: Setting CVar [[r.TranslucencyVolumeBlur:1]]
[2020.03.14-11.12.17:822][  0]LogConfig: Setting CVar [[r.MaterialQualityLevel:1 ; High quality]]
[2020.03.14-11.12.17:822][  0]LogConfig: Setting CVar [[r.SSS.Scale:1]]
[2020.03.14-11.12.17:822][  0]LogConfig: Setting CVar [[r.SSS.SampleSet:2]]
[2020.03.14-11.12.17:822][  0]LogConfig: Setting CVar [[r.SSS.Quality:1]]
[2020.03.14-11.12.17:822][  0]LogConfig: Setting CVar [[r.SSS.HalfRes:1]]
[2020.03.14-11.12.17:822][  0]LogConfig: Setting CVar [[r.EmitterSpawnRateScale:1.0]]
[2020.03.14-11.12.17:822][  0]LogConfig: Setting CVar [[r.ParticleLightQuality:2]]
[2020.03.14-11.12.17:822][  0]LogConfig: Applying CVar settings from Section [FoliageQuality@3] File [E:/PRJX/Client/Saved/Config/Windows/Scalability.ini]
[2020.03.14-11.12.17:822][  0]LogConfig: Setting CVar [[foliage.DensityScale:1.0]]
[2020.03.14-11.12.17:822][  0]LogConfig: Setting CVar [[grass.DensityScale:1.0]]
[2020.03.14-11.12.17:822][  0]LogInit: Selected Device Profile: [Windows]
[2020.03.14-11.12.17:822][  0]LogInit: Applying CVar settings loaded from the selected device profile: [Windows]
[2020.03.14-11.12.17:835][  0]LogHAL: Display: Platform has ~ 32 GB [34272272384 / 34359738368 / 32], which maps to Largest [LargestMinGB=32, LargerMinGB=12, DefaultMinGB=8, SmallerMinGB=6, SmallestMinGB=0)
[2020.03.14-11.12.17:835][  0]LogConfig: Setting CVar [[r.Vulkan.UseRealUBs:0		; Required until we fix HLR fall-out]]
[2020.03.14-11.12.17:835][  0]LogInit: Going up to parent DeviceProfile []
[2020.03.14-11.12.17:835][  0]LogConfig: Applying CVar settings from Section [ViewDistanceQuality@3] File [E:/PRJX/Client/Saved/Config/Windows/Scalability.ini]
[2020.03.14-11.12.17:835][  0]LogConfig: Setting CVar [[r.SkeletalMeshLODBias:0]]
[2020.03.14-11.12.17:835][  0]LogConfig: Setting CVar [[r.ViewDistanceScale:1.0]]
[2020.03.14-11.12.17:835][  0]LogConfig: Applying CVar settings from Section [AntiAliasingQuality@3] File [E:/PRJX/Client/Saved/Config/Windows/Scalability.ini]
[2020.03.14-11.12.17:835][  0]LogConfig: Setting CVar [[r.PostProcessAAQuality:4]]
[2020.03.14-11.12.17:835][  0]LogConfig: Applying CVar settings from Section [ShadowQuality@3] File [E:/PRJX/Client/Saved/Config/Windows/Scalability.ini]
[2020.03.14-11.12.17:835][  0]LogConfig: Setting CVar [[r.LightFunctionQuality:1]]
[2020.03.14-11.12.17:835][  0]LogConfig: Setting CVar [[r.ShadowQuality:5]]
[2020.03.14-11.12.17:835][  0]LogConfig: Setting CVar [[r.Shadow.CSM.MaxCascades:10]]
[2020.03.14-11.12.17:835][  0]LogConfig: Setting CVar [[r.Shadow.MaxResolution:2048]]
[2020.03.14-11.12.17:835][  0]LogConfig: Setting CVar [[r.Shadow.MaxCSMResolution:2048]]
[2020.03.14-11.12.17:835][  0]LogConfig: Setting CVar [[r.Shadow.RadiusThreshold:0.01]]
[2020.03.14-11.12.17:835][  0]LogConfig: Setting CVar [[r.Shadow.DistanceScale:1.0]]
[2020.03.14-11.12.17:835][  0]LogConfig: Setting CVar [[r.Shadow.CSM.TransitionScale:1.0]]
[2020.03.14-11.12.17:835][  0]LogConfig: Setting CVar [[r.Shadow.PreShadowResolutionFactor:1.0]]
[2020.03.14-11.12.17:835][  0]LogConfig: Setting CVar [[r.DistanceFieldShadowing:1]]
[2020.03.14-11.12.17:835][  0]LogConfig: Setting CVar [[r.DistanceFieldAO:1]]
[2020.03.14-11.12.17:835][  0]LogConfig: Setting CVar [[r.AOQuality:2]]
[2020.03.14-11.12.17:835][  0]LogConfig: Setting CVar [[r.VolumetricFog:1]]
[2020.03.14-11.12.17:835][  0]LogConfig: Setting CVar [[r.VolumetricFog.GridPixelSize:8]]
[2020.03.14-11.12.17:835][  0]LogConfig: Setting CVar [[r.VolumetricFog.GridSizeZ:128]]
[2020.03.14-11.12.17:835][  0]LogConfig: Setting CVar [[r.VolumetricFog.HistoryMissSupersampleCount:4]]
[2020.03.14-11.12.17:835][  0]LogConfig: Setting CVar [[r.LightMaxDrawDistanceScale:1]]
[2020.03.14-11.12.17:835][  0]LogConfig: Setting CVar [[r.CapsuleShadows:1]]
[2020.03.14-11.12.17:835][  0]LogConfig: Applying CVar settings from Section [PostProcessQuality@3] File [E:/PRJX/Client/Saved/Config/Windows/Scalability.ini]
[2020.03.14-11.12.17:835][  0]LogConfig: Setting CVar [[r.MotionBlurQuality:4]]
[2020.03.14-11.12.17:835][  0]LogConfig: Setting CVar [[r.AmbientOcclusionMipLevelFactor:0.4]]
[2020.03.14-11.12.17:835][  0]LogConfig: Setting CVar [[r.AmbientOcclusionMaxQuality:100]]
[2020.03.14-11.12.17:835][  0]LogConfig: Setting CVar [[r.AmbientOcclusionLevels:-1]]
[2020.03.14-11.12.17:835][  0]LogConfig: Setting CVar [[r.AmbientOcclusionRadiusScale:1.0]]
[2020.03.14-11.12.17:835][  0]LogConfig: Setting CVar [[r.DepthOfFieldQuality:2]]
[2020.03.14-11.12.17:835][  0]LogConfig: Setting CVar [[r.RenderTargetPoolMin:400]]
[2020.03.14-11.12.17:835][  0]LogConfig: Setting CVar [[r.LensFlareQuality:2]]
[2020.03.14-11.12.17:835][  0]LogConfig: Setting CVar [[r.SceneColorFringeQuality:1]]
[2020.03.14-11.12.17:835][  0]LogConfig: Setting CVar [[r.EyeAdaptationQuality:2]]
[2020.03.14-11.12.17:835][  0]LogConfig: Setting CVar [[r.BloomQuality:5]]
[2020.03.14-11.12.17:835][  0]LogConfig: Setting CVar [[r.FastBlurThreshold:100]]
[2020.03.14-11.12.17:835][  0]LogConfig: Setting CVar [[r.Upscale.Quality:3]]
[2020.03.14-11.12.17:835][  0]LogConfig: Setting CVar [[r.Tonemapper.GrainQuantization:1]]
[2020.03.14-11.12.17:835][  0]LogConfig: Setting CVar [[r.LightShaftQuality:1]]
[2020.03.14-11.12.17:835][  0]LogConfig: Setting CVar [[r.Filter.SizeScale:1]]
[2020.03.14-11.12.17:835][  0]LogConfig: Setting CVar [[r.Tonemapper.Quality:5]]
[2020.03.14-11.12.17:835][  0]LogConfig: Setting CVar [[r.DOF.Gather.AccumulatorQuality:1        ; higher gathering accumulator quality]]
[2020.03.14-11.12.17:835][  0]LogConfig: Setting CVar [[r.DOF.Gather.PostfilterMethod:1          ; Median3x3 postfilering method]]
[2020.03.14-11.12.17:835][  0]LogConfig: Setting CVar [[r.DOF.Gather.EnableBokehSettings:0       ; no bokeh simulation when gathering]]
[2020.03.14-11.12.17:835][  0]LogConfig: Setting CVar [[r.DOF.Gather.RingCount:4                 ; medium number of samples when gathering]]
[2020.03.14-11.12.17:835][  0]LogConfig: Setting CVar [[r.DOF.Scatter.ForegroundCompositing:1    ; additive foreground scattering]]
[2020.03.14-11.12.17:835][  0]LogConfig: Setting CVar [[r.DOF.Scatter.BackgroundCompositing:2    ; additive background scattering]]
[2020.03.14-11.12.17:836][  0]LogConfig: Setting CVar [[r.DOF.Scatter.EnableBokehSettings:1      ; bokeh simulation when scattering]]
[2020.03.14-11.12.17:836][  0]LogConfig: Setting CVar [[r.DOF.Scatter.MaxSpriteRatio:0.1         ; only a maximum of 10% of scattered bokeh]]
[2020.03.14-11.12.17:836][  0]LogConfig: Setting CVar [[r.DOF.Recombine.Quality:1                ; cheap slight out of focus]]
[2020.03.14-11.12.17:836][  0]LogConfig: Setting CVar [[r.DOF.Recombine.EnableBokehSettings:0    ; no bokeh simulation on slight out of focus]]
[2020.03.14-11.12.17:836][  0]LogConfig: Setting CVar [[r.DOF.TemporalAAQuality:1                ; more stable temporal accumulation]]
[2020.03.14-11.12.17:836][  0]LogConfig: Setting CVar [[r.DOF.Kernel.MaxForegroundRadius:0.025]]
[2020.03.14-11.12.17:836][  0]LogConfig: Setting CVar [[r.DOF.Kernel.MaxBackgroundRadius:0.025]]
[2020.03.14-11.12.17:836][  0]LogConfig: Applying CVar settings from Section [TextureQuality@3] File [E:/PRJX/Client/Saved/Config/Windows/Scalability.ini]
[2020.03.14-11.12.17:836][  0]LogConfig: Setting CVar [[r.Streaming.MipBias:0]]
[2020.03.14-11.12.17:836][  0]LogConfig: Setting CVar [[r.Streaming.AmortizeCPUToGPUCopy:0]]
[2020.03.14-11.12.17:836][  0]LogConfig: Setting CVar [[r.Streaming.MaxNumTexturesToStreamPerFrame:0]]
[2020.03.14-11.12.17:836][  0]LogConfig: Setting CVar [[r.Streaming.Boost:1]]
[2020.03.14-11.12.17:836][  0]LogConfig: Setting CVar [[r.MaxAnisotropy:8]]
[2020.03.14-11.12.17:836][  0]LogConfig: Setting CVar [[r.Streaming.LimitPoolSizeToVRAM:0]]
[2020.03.14-11.12.17:836][  0]LogConfig: Setting CVar [[r.Streaming.PoolSize:1000]]
[2020.03.14-11.12.17:836][  0]LogConfig: Setting CVar [[r.Streaming.MaxEffectiveScreenSize:0]]
[2020.03.14-11.12.17:836][  0]LogConfig: Applying CVar settings from Section [EffectsQuality@3] File [E:/PRJX/Client/Saved/Config/Windows/Scalability.ini]
[2020.03.14-11.12.17:836][  0]LogConfig: Setting CVar [[r.TranslucencyLightingVolumeDim:64]]
[2020.03.14-11.12.17:836][  0]LogConfig: Setting CVar [[r.RefractionQuality:2]]
[2020.03.14-11.12.17:836][  0]LogConfig: Setting CVar [[r.SSR.Quality:3]]
[2020.03.14-11.12.17:836][  0]LogConfig: Setting CVar [[r.SceneColorFormat:4]]
[2020.03.14-11.12.17:836][  0]LogConfig: Setting CVar [[r.DetailMode:2]]
[2020.03.14-11.12.17:836][  0]LogConfig: Setting CVar [[r.TranslucencyVolumeBlur:1]]
[2020.03.14-11.12.17:836][  0]LogConfig: Setting CVar [[r.MaterialQualityLevel:1 ; High quality]]
[2020.03.14-11.12.17:836][  0]LogConfig: Setting CVar [[r.SSS.Scale:1]]
[2020.03.14-11.12.17:836][  0]LogConfig: Setting CVar [[r.SSS.SampleSet:2]]
[2020.03.14-11.12.17:836][  0]LogConfig: Setting CVar [[r.SSS.Quality:1]]
[2020.03.14-11.12.17:836][  0]LogConfig: Setting CVar [[r.SSS.HalfRes:1]]
[2020.03.14-11.12.17:836][  0]LogConfig: Setting CVar [[r.EmitterSpawnRateScale:1.0]]
[2020.03.14-11.12.17:836][  0]LogConfig: Setting CVar [[r.ParticleLightQuality:2]]
[2020.03.14-11.12.17:836][  0]LogConfig: Applying CVar settings from Section [FoliageQuality@3] File [E:/PRJX/Client/Saved/Config/Windows/Scalability.ini]
[2020.03.14-11.12.17:836][  0]LogConfig: Setting CVar [[foliage.DensityScale:1.0]]
[2020.03.14-11.12.17:836][  0]LogConfig: Setting CVar [[grass.DensityScale:1.0]]
[2020.03.14-11.12.17:836][  0]LogConfig: Applying CVar settings from Section [Startup] File [../../../Engine/Config/ConsoleVariables.ini]
[2020.03.14-11.12.17:836][  0]LogConfig: Setting CVar [[net.UseAdaptiveNetUpdateFrequency:0]]
[2020.03.14-11.12.17:836][  0]LogConfig: Setting CVar [[p.chaos.AllowCreatePhysxBodies:1]]
[2020.03.14-11.12.17:836][  0]LogConfig: Applying CVar settings from Section [ConsoleVariables] File [E:/PRJX/Client/Saved/Config/Windows/Engine.ini]
[2020.03.14-11.12.17:836][  0]LogInit: Computer: SMZ-PC
[2020.03.14-11.12.17:836][  0]LogInit: User: SMZ
[2020.03.14-11.12.17:836][  0]LogInit: CPU Page size=4096, Cores=8
[2020.03.14-11.12.17:836][  0]LogInit: High frequency timer resolution =10.000000 MHz
[2020.03.14-11.12.17:836][  0]LogMemory: Memory total: Physical=31.9GB (32GB approx)
[2020.03.14-11.12.17:836][  0]LogMemory: Platform Memory Stats for Windows
[2020.03.14-11.12.17:836][  0]LogMemory: Process Physical Memory: 105.14 MB used, 105.14 MB peak
[2020.03.14-11.12.17:837][  0]LogMemory: Process Virtual Memory: 91.82 MB used, 91.82 MB peak
[2020.03.14-11.12.17:837][  0]LogMemory: Physical Memory: 10378.82 MB used,  22305.76 MB free, 32684.59 MB total
[2020.03.14-11.12.17:837][  0]LogMemory: Virtual Memory: 4729.09 MB used,  134213000.00 MB free, 134217728.00 MB total
[2020.03.14-11.12.17:852][  0]LogInit: Using OS detected language (zh-CN).
[2020.03.14-11.12.17:852][  0]LogInit: Using OS detected locale (zh-CN).
[2020.03.14-11.12.17:852][  0]LogTextLocalizationResource: LocRes '../../../Engine/Content/Localization/Editor/zh-Hans-CN/Editor.locres' could not be opened for reading!
[2020.03.14-11.12.17:852][  0]LogTextLocalizationResource: LocRes '../../../Engine/Content/Localization/EditorTutorials/zh-Hans-CN/EditorTutorials.locres' could not be opened for reading!
[2020.03.14-11.12.17:852][  0]LogTextLocalizationResource: LocRes '../../../Engine/Content/Localization/Keywords/zh-Hans-CN/Keywords.locres' could not be opened for reading!
[2020.03.14-11.12.17:852][  0]LogTextLocalizationResource: LocRes '../../../Engine/Content/Localization/Category/zh-Hans-CN/Category.locres' could not be opened for reading!
[2020.03.14-11.12.17:853][  0]LogTextLocalizationResource: LocRes '../../../Engine/Content/Localization/ToolTips/zh-Hans-CN/ToolTips.locres' could not be opened for reading!
[2020.03.14-11.12.17:853][  0]LogTextLocalizationResource: LocRes '../../../Engine/Content/Localization/PropertyNames/zh-Hans-CN/PropertyNames.locres' could not be opened for reading!
[2020.03.14-11.12.17:853][  0]LogTextLocalizationResource: LocRes '../../../Engine/Content/Localization/Engine/zh-Hans-CN/Engine.locres' could not be opened for reading!
[2020.03.14-11.12.17:853][  0]LogTextLocalizationResource: LocRes '../../../Engine/Plugins/Online/Android/OnlineSubsystemGooglePlay/Content/Localization/OnlineSubsystemGooglePlay/zh-Hans-CN/OnlineSubsystemGooglePlay.locres' could not be opened for reading!
[2020.03.14-11.12.17:853][  0]LogTextLocalizationResource: LocRes '../../../Engine/Plugins/Online/IOS/OnlineSubsystemIOS/Content/Localization/OnlineSubsystemIOS/zh-Hans-CN/OnlineSubsystemIOS.locres' could not be opened for reading!
[2020.03.14-11.12.17:853][  0]LogTextLocalizationResource: LocRes '../../../Engine/Plugins/Online/OnlineSubsystem/Content/Localization/OnlineSubsystem/zh-Hans-CN/OnlineSubsystem.locres' could not be opened for reading!
[2020.03.14-11.12.17:853][  0]LogTextLocalizationResource: LocRes '../../../Engine/Plugins/Online/OnlineSubsystemUtils/Content/Localization/OnlineSubsystemUtils/zh-Hans-CN/OnlineSubsystemUtils.locres' could not be opened for reading!
[2020.03.14-11.12.17:890][  0]LogTextLocalizationResource: LocRes '../../../Engine/Plugins/Online/Android/OnlineSubsystemGooglePlay/Content/Localization/OnlineSubsystemGooglePlay/zh-CN/OnlineSubsystemGooglePlay.locres' could not be opened for reading!
[2020.03.14-11.12.17:890][  0]LogTextLocalizationResource: LocRes '../../../Engine/Plugins/Online/IOS/OnlineSubsystemIOS/Content/Localization/OnlineSubsystemIOS/zh-CN/OnlineSubsystemIOS.locres' could not be opened for reading!
[2020.03.14-11.12.17:890][  0]LogTextLocalizationResource: LocRes '../../../Engine/Plugins/Online/OnlineSubsystem/Content/Localization/OnlineSubsystem/zh-CN/OnlineSubsystem.locres' could not be opened for reading!
[2020.03.14-11.12.17:890][  0]LogTextLocalizationResource: LocRes '../../../Engine/Plugins/Online/OnlineSubsystemUtils/Content/Localization/OnlineSubsystemUtils/zh-CN/OnlineSubsystemUtils.locres' could not be opened for reading!
[2020.03.14-11.12.17:890][  0]LogTextLocalizationResource: LocRes '../../../Engine/Content/Localization/Editor/zh-Hans/Editor.locres' could not be opened for reading!
[2020.03.14-11.12.17:890][  0]LogTextLocalizationResource: LocRes '../../../Engine/Content/Localization/EditorTutorials/zh-Hans/EditorTutorials.locres' could not be opened for reading!
[2020.03.14-11.12.17:891][  0]LogTextLocalizationResource: LocRes '../../../Engine/Content/Localization/Keywords/zh-Hans/Keywords.locres' could not be opened for reading!
[2020.03.14-11.12.17:891][  0]LogTextLocalizationResource: LocRes '../../../Engine/Content/Localization/Category/zh-Hans/Category.locres' could not be opened for reading!
[2020.03.14-11.12.17:891][  0]LogTextLocalizationResource: LocRes '../../../Engine/Content/Localization/ToolTips/zh-Hans/ToolTips.locres' could not be opened for reading!
[2020.03.14-11.12.17:891][  0]LogTextLocalizationResource: LocRes '../../../Engine/Content/Localization/PropertyNames/zh-Hans/PropertyNames.locres' could not be opened for reading!
[2020.03.14-11.12.17:891][  0]LogTextLocalizationResource: LocRes '../../../Engine/Content/Localization/Engine/zh-Hans/Engine.locres' could not be opened for reading!
[2020.03.14-11.12.17:891][  0]LogTextLocalizationResource: LocRes '../../../Engine/Content/Localization/Editor/zh/Editor.locres' could not be opened for reading!
[2020.03.14-11.12.17:891][  0]LogTextLocalizationResource: LocRes '../../../Engine/Content/Localization/EditorTutorials/zh/EditorTutorials.locres' could not be opened for reading!
[2020.03.14-11.12.17:891][  0]LogTextLocalizationResource: LocRes '../../../Engine/Content/Localization/Keywords/zh/Keywords.locres' could not be opened for reading!
[2020.03.14-11.12.17:891][  0]LogTextLocalizationResource: LocRes '../../../Engine/Content/Localization/Category/zh/Category.locres' could not be opened for reading!
[2020.03.14-11.12.17:891][  0]LogTextLocalizationResource: LocRes '../../../Engine/Content/Localization/ToolTips/zh/ToolTips.locres' could not be opened for reading!
[2020.03.14-11.12.17:891][  0]LogTextLocalizationResource: LocRes '../../../Engine/Content/Localization/PropertyNames/zh/PropertyNames.locres' could not be opened for reading!
[2020.03.14-11.12.17:892][  0]LogTextLocalizationResource: LocRes '../../../Engine/Content/Localization/Engine/zh/Engine.locres' could not be opened for reading!
[2020.03.14-11.12.17:892][  0]LogTextLocalizationResource: LocRes '../../../Engine/Plugins/Online/Android/OnlineSubsystemGooglePlay/Content/Localization/OnlineSubsystemGooglePlay/zh/OnlineSubsystemGooglePlay.locres' could not be opened for reading!
[2020.03.14-11.12.17:892][  0]LogTextLocalizationResource: LocRes '../../../Engine/Plugins/Online/IOS/OnlineSubsystemIOS/Content/Localization/OnlineSubsystemIOS/zh/OnlineSubsystemIOS.locres' could not be opened for reading!
[2020.03.14-11.12.17:892][  0]LogTextLocalizationResource: LocRes '../../../Engine/Plugins/Online/OnlineSubsystem/Content/Localization/OnlineSubsystem/zh/OnlineSubsystem.locres' could not be opened for reading!
[2020.03.14-11.12.17:892][  0]LogTextLocalizationResource: LocRes '../../../Engine/Plugins/Online/OnlineSubsystemUtils/Content/Localization/OnlineSubsystemUtils/zh/OnlineSubsystemUtils.locres' could not be opened for reading!
[2020.03.14-11.12.17:911][  0]LogInit: Setting process to per monitor DPI aware
[2020.03.14-11.12.17:950][  0]LogSlate: New Slate User Created.  User Index 0, Is Virtual User: 0
[2020.03.14-11.12.17:950][  0]LogSlate: Slate User Registered.  User Index 0, Is Virtual User: 0
[2020.03.14-11.12.18:108][  0]LogHMD: Failed to initialize OpenVR with code 110
[2020.03.14-11.12.18:108][  0]LogD3D11RHI: D3D11 adapters:
[2020.03.14-11.12.18:184][  0]LogD3D11RHI:    0. 'NVIDIA GeForce GTX 1070 Ti' (Feature Level 11_0)
[2020.03.14-11.12.18:184][  0]LogD3D11RHI:       8079/0/16342 MB DedicatedVideo/DedicatedSystem/SharedSystem, Outputs:2, VendorId:0x10de
[2020.03.14-11.12.18:187][  0]LogD3D11RHI:    1. 'Microsoft Basic Render Driver' (Feature Level 11_0)
[2020.03.14-11.12.18:187][  0]LogD3D11RHI:       0/0/16342 MB DedicatedVideo/DedicatedSystem/SharedSystem, Outputs:0, VendorId:0x1414
[2020.03.14-11.12.18:187][  0]LogD3D11RHI: Chosen D3D11 Adapter: 0
[2020.03.14-11.12.18:196][  0]LogD3D11RHI: Creating new Direct3DDevice
[2020.03.14-11.12.18:196][  0]LogD3D11RHI:     GPU DeviceId: 0x1b82 (for the marketing name, search the web for "GPU Device Id")
[2020.03.14-11.12.18:196][  0]LogWindows: EnumDisplayDevices:
[2020.03.14-11.12.18:196][  0]LogWindows:    0. 'NVIDIA GeForce GTX 1070 Ti' (P:0 D:1)
[2020.03.14-11.12.18:197][  0]LogWindows:    1. 'NVIDIA GeForce GTX 1070 Ti' (P:1 D:1)
[2020.03.14-11.12.18:197][  0]LogWindows:    2. 'NVIDIA GeForce GTX 1070 Ti' (P:0 D:0)
[2020.03.14-11.12.18:197][  0]LogWindows:    3. 'NVIDIA GeForce GTX 1070 Ti' (P:0 D:0)
[2020.03.14-11.12.18:197][  0]LogWindows: DebugString: FoundDriverCount:4 
[2020.03.14-11.12.18:197][  0]LogD3D11RHI:     Adapter Name: NVIDIA GeForce GTX 1070 Ti
[2020.03.14-11.12.18:197][  0]LogD3D11RHI:   Driver Version: 442.59 (internal:26.21.14.4259, unified:442.59)
[2020.03.14-11.12.18:197][  0]LogD3D11RHI:      Driver Date: 3-4-2020
[2020.03.14-11.12.18:197][  0]LogRHI: Texture pool is 5655 MB (70% of 8079 MB)
[2020.03.14-11.12.18:240][  0]LogD3D11RHI: Async texture creation enabled
[2020.03.14-11.12.18:244][  0]LogRendererCore: FGlobalReadBuffer::InitRHI
[2020.03.14-11.12.18:244][  0]LogRendererCore: FGlobalReadBuffer::InitRHI
[2020.03.14-11.12.18:244][  0]LogRendererCore: FGlobalReadBuffer::InitRHI
[2020.03.14-11.12.18:252][  0]LogD3D11RHI: GPU Timing Frequency: 1000.000000 (Debug: 2 1)
[2020.03.14-11.12.18:487][  0]LogTemp: Display: Module 'AllDesktopTargetPlatform' loaded TargetPlatform 'AllDesktop'
[2020.03.14-11.12.18:500][  0]LogTemp: Display: Module 'MacClientTargetPlatform' loaded TargetPlatform 'MacClient'
[2020.03.14-11.12.18:514][  0]LogTemp: Display: Module 'MacNoEditorTargetPlatform' loaded TargetPlatform 'MacNoEditor'
[2020.03.14-11.12.18:528][  0]LogTemp: Display: Module 'MacServerTargetPlatform' loaded TargetPlatform 'MacServer'
[2020.03.14-11.12.18:541][  0]LogTemp: Display: Module 'MacTargetPlatform' loaded TargetPlatform 'Mac'
[2020.03.14-11.12.18:554][  0]LogTemp: Display: Module 'WindowsClientTargetPlatform' loaded TargetPlatform 'WindowsClient'
[2020.03.14-11.12.18:567][  0]LogTemp: Display: Module 'WindowsNoEditorTargetPlatform' loaded TargetPlatform 'WindowsNoEditor'
[2020.03.14-11.12.18:580][  0]LogTemp: Display: Module 'WindowsServerTargetPlatform' loaded TargetPlatform 'WindowsServer'
[2020.03.14-11.12.18:585][  0]LogTemp: Display: Module 'WindowsTargetPlatform' loaded TargetPlatform 'Windows'
[2020.03.14-11.12.18:666][  0]LogTemp: Display: Module 'AndroidTargetPlatform' loaded TargetPlatform 'Android'
[2020.03.14-11.12.18:666][  0]LogTemp: Display: Module 'AndroidTargetPlatform' loaded TargetPlatform 'Android_ASTC'
[2020.03.14-11.12.18:666][  0]LogTemp: Display: Module 'AndroidTargetPlatform' loaded TargetPlatform 'Android_ATC'
[2020.03.14-11.12.18:666][  0]LogTemp: Display: Module 'AndroidTargetPlatform' loaded TargetPlatform 'Android_DXT'
[2020.03.14-11.12.18:666][  0]LogTemp: Display: Module 'AndroidTargetPlatform' loaded TargetPlatform 'Android_ETC1'
[2020.03.14-11.12.18:666][  0]LogTemp: Display: Module 'AndroidTargetPlatform' loaded TargetPlatform 'Android_ETC1a'
[2020.03.14-11.12.18:666][  0]LogTemp: Display: Module 'AndroidTargetPlatform' loaded TargetPlatform 'Android_ETC2'
[2020.03.14-11.12.18:666][  0]LogTemp: Display: Module 'AndroidTargetPlatform' loaded TargetPlatform 'Android_PVRTC'
[2020.03.14-11.12.18:666][  0]LogTemp: Display: Module 'AndroidTargetPlatform' loaded TargetPlatform 'AndroidClient'
[2020.03.14-11.12.18:666][  0]LogTemp: Display: Module 'AndroidTargetPlatform' loaded TargetPlatform 'Android_ASTCClient'
[2020.03.14-11.12.18:666][  0]LogTemp: Display: Module 'AndroidTargetPlatform' loaded TargetPlatform 'Android_ATCClient'
[2020.03.14-11.12.18:666][  0]LogTemp: Display: Module 'AndroidTargetPlatform' loaded TargetPlatform 'Android_DXTClient'
[2020.03.14-11.12.18:666][  0]LogTemp: Display: Module 'AndroidTargetPlatform' loaded TargetPlatform 'Android_ETC1Client'
[2020.03.14-11.12.18:666][  0]LogTemp: Display: Module 'AndroidTargetPlatform' loaded TargetPlatform 'Android_ETC1aClient'
[2020.03.14-11.12.18:666][  0]LogTemp: Display: Module 'AndroidTargetPlatform' loaded TargetPlatform 'Android_ETC2Client'
[2020.03.14-11.12.18:666][  0]LogTemp: Display: Module 'AndroidTargetPlatform' loaded TargetPlatform 'Android_PVRTCClient'
[2020.03.14-11.12.18:666][  0]LogTemp: Display: Module 'AndroidTargetPlatform' loaded TargetPlatform 'Android_Multi'
[2020.03.14-11.12.18:666][  0]LogTemp: Display: Module 'AndroidTargetPlatform' loaded TargetPlatform 'Android_MultiClient'
[2020.03.14-11.12.18:667][  0]LogTemp: Display: Module 'HTML5TargetPlatform' loaded TargetPlatform 'HTML5'
[2020.03.14-11.12.18:715][  0]LogTemp: Display: Module 'IOSTargetPlatform' loaded TargetPlatform 'IOSClient'
[2020.03.14-11.12.18:715][  0]LogTemp: Display: Module 'IOSTargetPlatform' loaded TargetPlatform 'IOS'
[2020.03.14-11.12.18:739][  0]LogTemp: Display: Module 'TVOSTargetPlatform' loaded TargetPlatform 'TVOSClient'
[2020.03.14-11.12.18:739][  0]LogTemp: Display: Module 'TVOSTargetPlatform' loaded TargetPlatform 'TVOS'
[2020.03.14-11.12.18:751][  0]LogTemp: Display: Module 'LinuxClientTargetPlatform' loaded TargetPlatform 'LinuxClient'
[2020.03.14-11.12.18:763][  0]LogTemp: Display: Module 'LinuxNoEditorTargetPlatform' loaded TargetPlatform 'LinuxNoEditor'
[2020.03.14-11.12.18:775][  0]LogTemp: Display: Module 'LinuxServerTargetPlatform' loaded TargetPlatform 'LinuxServer'
[2020.03.14-11.12.18:788][  0]LogTemp: Display: Module 'LinuxTargetPlatform' loaded TargetPlatform 'Linux'
[2020.03.14-11.12.18:830][  0]LogTemp: Display: Module 'LuminTargetPlatform' loaded TargetPlatform 'Lumin'
[2020.03.14-11.12.18:830][  0]LogTemp: Display: Module 'LuminTargetPlatform' loaded TargetPlatform 'LuminClient'
[2020.03.14-11.12.18:830][  0]LogTargetPlatformManager: Display: Building Assets For Windows
[2020.03.14-11.12.18:836][  0]LogAudioDebug: Display: Lib vorbis DLL was dynamically loaded.
[2020.03.14-11.12.18:868][  0]LogShaderCompilers: Guid format shader working directory is 18 characters bigger than the processId version (../../../../../PRJX/Client/Intermediate/Shaders/WorkingDirectory/3940/).
[2020.03.14-11.12.18:868][  0]LogShaderCompilers: Cleaned the shader compiler working directory 'C:/Users/SMZ/AppData/Local/Temp/UnrealShaderWorkingDir/8BB256814E8DB32EDD5415AE0AD11DBF/'.
[2020.03.14-11.12.18:869][  0]LogXGEController: Cannot use XGE Controller as Incredibuild is not installed on this machine.
[2020.03.14-11.12.18:869][  0]LogShaderCompilers: Cannot use XGE Shader Compiler as Incredibuild is not installed on this machine.
[2020.03.14-11.12.18:869][  0]LogShaderCompilers: Display: Using Local Shader Compiler.
[2020.03.14-11.12.19:366][  0]LogDerivedDataCache: Display: Max Cache Size: 512 MB
[2020.03.14-11.12.19:401][  0]LogDerivedDataCache: Loaded boot cache 0.03s 75MB C:/Users/SMZ/AppData/Local/UnrealEngine/4.22/DerivedDataCache/Boot.ddc.
[2020.03.14-11.12.19:401][  0]LogDerivedDataCache: Display: Loaded Boot cache: C:/Users/SMZ/AppData/Local/UnrealEngine/4.22/DerivedDataCache/Boot.ddc
[2020.03.14-11.12.19:401][  0]LogDerivedDataCache: FDerivedDataBackendGraph:  Pak pak cache file ../../../../../PRJX/Client/DerivedDataCache/DDC.ddp not found, will not use a pak cache.
[2020.03.14-11.12.19:401][  0]LogDerivedDataCache: Unable to find inner node Pak for hierarchical cache Hierarchy.
[2020.03.14-11.12.19:401][  0]LogDerivedDataCache: FDerivedDataBackendGraph:  CompressedPak pak cache file ../../../../../PRJX/Client/DerivedDataCache/Compressed.ddp not found, will not use a pak cache.
[2020.03.14-11.12.19:401][  0]LogDerivedDataCache: Unable to find inner node CompressedPak for hierarchical cache Hierarchy.
[2020.03.14-11.12.19:413][  0]LogDerivedDataCache: Display: Pak cache opened for reading ../../../Engine/DerivedDataCache/Compressed.ddp.
[2020.03.14-11.12.19:413][  0]LogDerivedDataCache: FDerivedDataBackendGraph:  EnterprisePak pak cache file ../../../Enterprise/DerivedDataCache/Compressed.ddp not found, will not use a pak cache.
[2020.03.14-11.12.19:413][  0]LogDerivedDataCache: Unable to find inner node EnterprisePak for hierarchical cache Hierarchy.
[2020.03.14-11.12.19:425][  0]LogDerivedDataCache: Using Local data cache path C:/Users/SMZ/AppData/Local/UnrealEngine/Common/DerivedDataCache: Writable
[2020.03.14-11.12.19:425][  0]LogDerivedDataCache: Shared data cache path not found in *engine.ini, will not use an Shared cache.
[2020.03.14-11.12.19:425][  0]LogDerivedDataCache: Unable to find inner node Shared for hierarchical cache Hierarchy.
[2020.03.14-11.12.19:445][  0]LogMaterial: Verifying Global Shaders for PCD3D_SM5
[2020.03.14-11.12.19:446][  0]LogSlate: Using FreeType 2.6.0
[2020.03.14-11.12.19:447][  0]LogSlate: SlateFontServices - WITH_FREETYPE: 1, WITH_HARFBUZZ: 1
[2020.03.14-11.12.19:521][  0]LogAssetRegistry: FAssetRegistry took 0.0334 seconds to start up
[2020.03.14-11.12.19:826][  0]LogInit: Selected Device Profile: [Windows]
[2020.03.14-11.12.19:938][  0]LogMeshReduction: Using QuadricMeshReduction for automatic static mesh reduction
[2020.03.14-11.12.19:938][  0]LogMeshReduction: Using SimplygonMeshReduction for automatic skeletal mesh reduction
[2020.03.14-11.12.19:938][  0]LogMeshReduction: Using ProxyLODMeshReduction for automatic mesh merging
[2020.03.14-11.12.19:938][  0]LogMeshReduction: No distributed automatic mesh merging module available
[2020.03.14-11.12.19:938][  0]LogMeshMerging: No distributed automatic mesh merging module available
[2020.03.14-11.12.19:946][  0]LogNetVersion: Client 1.0.0, NetCL: 5660361, EngineNetVer: 10, GameNetVer: 0 (Checksum: 2814101498)
[2020.03.14-11.12.20:357][  0]LogPackageLocalizationCache: Processed 10 localized package path(s) for 4 prioritized culture(s) in 0.115905 seconds
[2020.03.14-11.12.20:363][  0]LogUObjectArray: 42205 objects as part of root set at end of initial load.
[2020.03.14-11.12.20:363][  0]LogUObjectAllocator: 7325032 out of 0 bytes used by permanent object pool.
[2020.03.14-11.12.20:363][  0]LogUObjectArray: CloseDisregardForGC: 0/0 objects in disregard for GC pool
[2020.03.14-11.12.21:029][  0]LogTcpMessaging: Initializing TcpMessaging bridge
[2020.03.14-11.12.21:042][  0]LogUdpMessaging: Initializing bridge on interface 0.0.0.0:0 to multicast group 230.0.0.1:6666.
[2020.03.14-11.12.21:258][  0]SourceControl: 源码控制已禁用
[2020.03.14-11.12.21:259][  0]SourceControl: 源码控制已禁用
[2020.03.14-11.12.21:259][  0]SourceControl: 源码控制已禁用
[2020.03.14-11.12.21:260][  0]SourceControl: 源码控制已禁用
[2020.03.14-11.12.21:317][  0]LogAndroidPermission: UAndroidPermissionCallbackProxy::GetInstance
[2020.03.14-11.12.22:592][  0]LogOcInput: OculusInput pre-init called
[2020.03.14-11.12.23:180][  0]LogEngine: Initializing Engine...
[2020.03.14-11.12.23:180][  0]LogHMD: Failed to initialize OpenVR with code 110
[2020.03.14-11.12.23:181][  0]LogStats: UGameplayTagsManager::InitializeManager -  0.000 s
[2020.03.14-11.12.23:362][  0]LogInit: Initializing FReadOnlyCVARCache
[2020.03.14-11.12.23:371][  0]LogAIModule: Creating AISystem for world Untitled
[2020.03.14-11.12.23:392][  0]LogInit: XAudio2 using '扬声器 (Realtek(R) Audio)' : 6 channels at 48 kHz using 32 bits per sample (channel mask 0x3f)
[2020.03.14-11.12.23:452][  0]LogInit: FAudioDevice initialized.
[2020.03.14-11.12.23:452][  0]LogNetVersion: Set ProjectVersion to 1.0.0.0. Version Checksum will be recalculated on next use.
[2020.03.14-11.12.23:497][  0]LogDerivedDataCache: Saved boot cache 0.05s 75MB C:/Users/SMZ/AppData/Local/UnrealEngine/4.22/DerivedDataCache/Boot.ddc.
[2020.03.14-11.12.23:503][  0]LogInit: Texture streaming: Enabled
[2020.03.14-11.12.23:515][  0]LogEngineSessionManager: EngineSessionManager initialized
[2020.03.14-11.12.23:530][  0]LogInit: Transaction tracking system initialized
[2020.03.14-11.12.23:544][  0]BlueprintLog: New page: 编辑器加载
[2020.03.14-11.12.23:596][  0]LocalizationService: 本地化服务已禁用
[2020.03.14-11.12.23:834][  0]LogFileCache: Scanning file cache for directory 'E:/PRJX/Client/Content/' took 0.01s
[2020.03.14-11.12.23:834][  0]LogCook: Display: Max memory allowance for cook 16384mb min free memory 0mb
[2020.03.14-11.12.23:834][  0]LogCook: Display: Mobile HDR setting 1
[2020.03.14-11.12.23:967][  0]SourceControl: 源码控制已禁用
[2020.03.14-11.12.23:967][  0]Cmd: MAP LOAD FILE="../../../../../PRJX/Client/Content/ThirdPersonCPP/Maps/ThirdPersonExampleMap.umap" TEMPLATE=0 SHOWPROGRESS=1 FEATURELEVEL=3
[2020.03.14-11.12.23:967][  0]LightingResults: New page: 光照构建
[2020.03.14-11.12.23:969][  0]MapCheck: New page: 地图检测
[2020.03.14-11.12.23:969][  0]LightingResults: New page: 光照构建
[2020.03.14-11.12.24:002][  0]LogUObjectHash: Compacting FUObjectHashTables data took   2.33ms
[2020.03.14-11.12.24:078][  0]LogAIModule: Creating AISystem for world ThirdPersonExampleMap
[2020.03.14-11.12.24:084][  0]LogEditorServer: Finished looking for orphan Actors (0.000 secs)
[2020.03.14-11.12.24:115][  0]LogUObjectHash: Compacting FUObjectHashTables data took   1.76ms
[2020.03.14-11.12.24:115][  0]Cmd: MAP CHECKDEP NOCLEARLOG
[2020.03.14-11.12.24:115][  0]MapCheck: 地图检测完成：0个错误，0 个警告，用时0.085毫秒完成。
[2020.03.14-11.12.24:115][  0]LogFileHelpers: Loading map 'ThirdPersonExampleMap' took 0.148
[2020.03.14-11.12.24:206][  0]LogSlate: Updating window title bar state: overlay mode, drag disabled, window buttons hidden, title bar hidden
[2020.03.14-11.12.24:213][  0]LogSlate: Updating window title bar state: overlay mode, drag disabled, window buttons hidden, title bar hidden
[2020.03.14-11.12.24:219][  0]LogSlate: Updating window title bar state: overlay mode, drag disabled, window buttons hidden, title bar hidden
[2020.03.14-11.12.24:226][  0]LogSlate: Updating window title bar state: overlay mode, drag disabled, window buttons hidden, title bar hidden
[2020.03.14-11.12.24:229][  0]LogCollectionManager: Loaded 0 collections in 0.000760 seconds
[2020.03.14-11.12.24:243][  0]LogFileCache: Scanning file cache for directory 'E:/PRJX/Client/Saved/Collections/' took 0.01s
[2020.03.14-11.12.24:243][  0]LogFileCache: Scanning file cache for directory 'E:/PRJX/Client/Content/Developers/SMZ/Collections/' took 0.00s
[2020.03.14-11.12.24:243][  0]LogFileCache: Scanning file cache for directory 'E:/PRJX/Client/Content/Collections/' took 0.00s
[2020.03.14-11.12.24:243][  0]LogCollectionManager: Rebuilt the GUID cache for 0 collections in 0.000000 seconds
[2020.03.14-11.12.24:252][  0]LogContentBrowser: Native class hierarchy populated in 0.0086 seconds. Added 2802 classes and 665 folders.
[2020.03.14-11.12.24:256][  0]LogContentBrowser: Native class hierarchy updated for 'WidgetCarousel' in 0.0003 seconds. Added 0 classes and 0 folders.
[2020.03.14-11.12.24:257][  0]LogPakFile: Registered encryption key '00000000000000000000000000000000': 0 pak files mounted, 0 remain pending
[2020.03.14-11.12.24:258][  0]LogPakFile: Registered encryption key '00000000000000000000000000000000': 0 pak files mounted, 0 remain pending
[2020.03.14-11.12.24:258][  0]LogPakFile: Registered encryption key '00000000000000000000000000000000': 0 pak files mounted, 0 remain pending
[2020.03.14-11.12.24:258][  0]LogPakFile: Registered encryption key '00000000000000000000000000000000': 0 pak files mounted, 0 remain pending
[2020.03.14-11.12.24:259][  0]LogPakFile: Registered encryption key '00000000000000000000000000000000': 0 pak files mounted, 0 remain pending
[2020.03.14-11.12.24:259][  0]LogPakFile: Registered encryption key '00000000000000000000000000000000': 0 pak files mounted, 0 remain pending
[2020.03.14-11.12.24:260][  0]LogPakFile: Registered encryption key '00000000000000000000000000000000': 0 pak files mounted, 0 remain pending
[2020.03.14-11.12.24:260][  0]LogPakFile: Registered encryption key '00000000000000000000000000000000': 0 pak files mounted, 0 remain pending
[2020.03.14-11.12.24:261][  0]LogPakFile: Registered encryption key '00000000000000000000000000000000': 0 pak files mounted, 0 remain pending
[2020.03.14-11.12.24:261][  0]LogPakFile: Registered encryption key '00000000000000000000000000000000': 0 pak files mounted, 0 remain pending
[2020.03.14-11.12.24:261][  0]LogPakFile: Registered encryption key '00000000000000000000000000000000': 0 pak files mounted, 0 remain pending
[2020.03.14-11.12.24:262][  0]LogPakFile: Registered encryption key '00000000000000000000000000000000': 0 pak files mounted, 0 remain pending
[2020.03.14-11.12.24:262][  0]LogPakFile: Registered encryption key '00000000000000000000000000000000': 0 pak files mounted, 0 remain pending
[2020.03.14-11.12.24:262][  0]LogPakFile: Registered encryption key '00000000000000000000000000000000': 0 pak files mounted, 0 remain pending
[2020.03.14-11.12.24:263][  0]LogPakFile: Registered encryption key '00000000000000000000000000000000': 0 pak files mounted, 0 remain pending
[2020.03.14-11.12.24:263][  0]LogPakFile: Registered encryption key '00000000000000000000000000000000': 0 pak files mounted, 0 remain pending
[2020.03.14-11.12.24:263][  0]LogPakFile: Registered encryption key '00000000000000000000000000000000': 0 pak files mounted, 0 remain pending
[2020.03.14-11.12.24:264][  0]LogPakFile: Registered encryption key '00000000000000000000000000000000': 0 pak files mounted, 0 remain pending
[2020.03.14-11.12.24:264][  0]LogPakFile: Registered encryption key '00000000000000000000000000000000': 0 pak files mounted, 0 remain pending
[2020.03.14-11.12.24:264][  0]LogPakFile: Registered encryption key '00000000000000000000000000000000': 0 pak files mounted, 0 remain pending
[2020.03.14-11.12.24:265][  0]LogPakFile: Registered encryption key '00000000000000000000000000000000': 0 pak files mounted, 0 remain pending
[2020.03.14-11.12.24:265][  0]LogPakFile: Registered encryption key '00000000000000000000000000000000': 0 pak files mounted, 0 remain pending
[2020.03.14-11.12.24:265][  0]LogPakFile: Registered encryption key '00000000000000000000000000000000': 0 pak files mounted, 0 remain pending
[2020.03.14-11.12.24:266][  0]LogPakFile: Registered encryption key '00000000000000000000000000000000': 0 pak files mounted, 0 remain pending
[2020.03.14-11.12.24:266][  0]LogPakFile: Registered encryption key '00000000000000000000000000000000': 0 pak files mounted, 0 remain pending
[2020.03.14-11.12.24:267][  0]LogPakFile: Registered encryption key '00000000000000000000000000000000': 0 pak files mounted, 0 remain pending
[2020.03.14-11.12.24:284][  0]LogContentBrowser: Native class hierarchy updated for 'AddContentDialog' in 0.0003 seconds. Added 0 classes and 0 folders.
[2020.03.14-11.12.24:288][  0]LogContentBrowser: Native class hierarchy updated for 'SceneOutliner' in 0.0003 seconds. Added 1 classes and 2 folders.
[2020.03.14-11.12.24:310][  0]LogSlate: Took 0.000137 seconds to synchronously load lazily loaded font '../../../Engine/Content/Slate/Fonts/Roboto-Regular.ttf' (155K)
[2020.03.14-11.12.24:312][  0]LogSlate: Took 0.001139 seconds to synchronously load lazily loaded font '../../../Engine/Content/Slate/Fonts/DroidSansFallback.ttf' (3848K)
[2020.03.14-11.12.24:313][  0]LogSlate: Took 0.000110 seconds to synchronously load lazily loaded font '../../../Engine/Content/Slate/Fonts/Roboto-Bold.ttf' (160K)
[2020.03.14-11.12.24:317][  0]LogSlate: Took 0.000166 seconds to synchronously load lazily loaded font '../../../Engine/Content/Editor/Slate/Fonts/FontAwesome.ttf' (139K)
[2020.03.14-11.12.24:368][  0]LogRenderer: Reallocating scene render targets to support 1616x808 Format 10 NumSamples 1 (Frame:1).
[2020.03.14-11.12.24:484][  0]LogSlate: FSceneViewport::OnFocusLost() reason 2
[2020.03.14-11.12.24:497][  0]LogSlate: Window '教程' being destroyed
[2020.03.14-11.12.24:527][  0]LogContentBrowser: Native class hierarchy updated for 'HierarchicalLODOutliner' in 0.0003 seconds. Added 0 classes and 0 folders.
[2020.03.14-11.12.24:527][  0]LogLoad: (Engine Initialization) Total time: 57.71 seconds
[2020.03.14-11.12.24:527][  0]LogLoad: (Engine Initialization) Total Blueprint compile time: 0.00 seconds
[2020.03.14-11.12.24:557][  0]LogAssetRegistry: Asset discovery search completed in 5.0584 seconds
[2020.03.14-11.12.24:558][  0]LogCollectionManager: Rebuilt the object cache for 0 collections in 0.000000 seconds (found 0 objects)
[2020.03.14-11.12.24:559][  0]LogCollectionManager: Fixed up redirectors for 0 collections in 0.000047 seconds (updated 0 objects)
[2020.03.14-11.12.24:560][  0]LogContentStreaming: Texture pool size now 1000 MB
[2020.03.14-11.12.26:163][182]LogSlate: FSceneViewport::OnFocusLost() reason 0
[2020.03.14-11.12.28:636][479]LogSlate: Window '插件' being destroyed
[2020.03.14-11.12.28:639][479]LogSlate: Window '插件' being destroyed
[2020.03.14-11.12.28:639][479]LogDirectoryWatcher: A directory notification for '../../../Engine/Plugins/' was aborted.
[2020.03.14-11.12.28:640][479]LogDirectoryWatcher: A directory notification for '../../../../../PRJX/Client/Plugins/' was aborted.
[2020.03.14-11.12.29:403][571]LogSlate: FSceneViewport::OnFocusLost() reason 0
[2020.03.14-11.12.29:793][614]LogUObjectHash: Compacting FUObjectHashTables data took   0.95ms
[2020.03.14-11.12.29:847][614]LogSlate: Window 'Client - 虚幻编辑器' being destroyed
[2020.03.14-11.12.29:848][614]LogWindowsTextInputMethodSystem: Display: IME system now activated using TSF (花儿五笔).
[2020.03.14-11.12.30:009][615]Cmd: QUIT_EDITOR
[2020.03.14-11.12.30:028][615]LogExit: Preparing to exit.
[2020.03.14-11.12.31:067][615]LogExit: Editor shut down
[2020.03.14-11.12.31:067][615]LogExit: Transaction tracking system shut down
[2020.03.14-11.12.31:243][615]LogExit: Object subsystem successfully closed.
[2020.03.14-11.12.31:263][615]LogShaderCompilers: Display: Shaders left to compile 0
[2020.03.14-11.12.31:265][615]LogD3D11RHI: Shutdown
[2020.03.14-11.12.31:265][615]LogD3D11RHI: CleanupD3DDevice
[2020.03.14-11.12.31:266][615]LogRendererCore: FGlobalReadBuffer::ReleaseRHI
[2020.03.14-11.12.31:266][615]LogRendererCore: FGlobalDynamicReadBuffer::Cleanup()
[2020.03.14-11.12.31:266][615]LogRendererCore: FGlobalReadBuffer::ReleaseRHI
[2020.03.14-11.12.31:266][615]LogRendererCore: FGlobalDynamicReadBuffer::Cleanup()
[2020.03.14-11.12.31:266][615]LogRendererCore: FGlobalReadBuffer::ReleaseRHI
[2020.03.14-11.12.31:266][615]LogRendererCore: FGlobalDynamicReadBuffer::Cleanup()
[2020.03.14-11.12.31:267][615]LogD3D11RHI: ~FD3D11DynamicRHI
[2020.03.14-11.12.31:274][615]LogModuleManager: Shutting down and abandoning module HierarchicalLODOutliner (646)
[2020.03.14-11.12.31:274][615]LogModuleManager: Shutting down and abandoning module SceneOutliner (644)
[2020.03.14-11.12.31:274][615]LogModuleManager: Shutting down and abandoning module AddContentDialog (642)
[2020.03.14-11.12.31:274][615]LogModuleManager: Shutting down and abandoning module WidgetCarousel (641)
[2020.03.14-11.12.31:274][615]LogModuleManager: Shutting down and abandoning module EditorWidgets (638)
[2020.03.14-11.12.31:274][615]LogModuleManager: Shutting down and abandoning module CollectionManager (636)
[2020.03.14-11.12.31:274][615]LogModuleManager: Shutting down and abandoning module StatsViewer (634)
[2020.03.14-11.12.31:274][615]LogModuleManager: Shutting down and abandoning module FoliageEdit (632)
[2020.03.14-11.12.31:274][615]LogModuleManager: Shutting down and abandoning module LandscapeEditor (630)
[2020.03.14-11.12.31:275][615]LogModuleManager: Shutting down and abandoning module MeshPaintMode (628)
[2020.03.14-11.12.31:275][615]LogModuleManager: Shutting down and abandoning module SceneDepthPickerMode (626)
[2020.03.14-11.12.31:275][615]LogModuleManager: Shutting down and abandoning module ActorPickerMode (624)
[2020.03.14-11.12.31:275][615]LogModuleManager: Shutting down and abandoning module GeometryMode (622)
[2020.03.14-11.12.31:275][615]LogModuleManager: Shutting down and abandoning module TextureAlignMode (620)
[2020.03.14-11.12.31:275][615]LogModuleManager: Shutting down and abandoning module BspMode (618)
[2020.03.14-11.12.31:275][615]LogModuleManager: Shutting down and abandoning module PIEPreviewDeviceProfileSelector (616)
[2020.03.14-11.12.31:275][615]LogModuleManager: Shutting down and abandoning module SequenceRecorderSections (614)
[2020.03.14-11.12.31:275][615]LogModuleManager: Shutting down and abandoning module AutomationWorker (612)
[2020.03.14-11.12.31:275][615]LogModuleManager: Shutting down and abandoning module OculusMR (610)
[2020.03.14-11.12.31:275][615]LogModuleManager: Shutting down and abandoning module AudioCaptureEditor (608)
[2020.03.14-11.12.31:275][615]LogModuleManager: Shutting down and abandoning module MatineeToLevelSequence (606)
[2020.03.14-11.12.31:275][615]LogModuleManager: Shutting down and abandoning module LevelSequenceEditor (604)
[2020.03.14-11.12.31:275][615]LogModuleManager: Shutting down and abandoning module PlacementMode (603)
[2020.03.14-11.12.31:275][615]LogModuleManager: Shutting down and abandoning module MaterialEditor (602)
[2020.03.14-11.12.31:275][615]LogModuleManager: Shutting down and abandoning module ActorSequenceEditor (598)
[2020.03.14-11.12.31:275][615]LogModuleManager: Shutting down and abandoning module WmfMediaFactory (596)
[2020.03.14-11.12.31:275][615]LogModuleManager: Shutting down and abandoning module WmfMediaEditor (594)
[2020.03.14-11.12.31:275][615]LogModuleManager: Shutting down and abandoning module WebMMediaFactory (592)
[2020.03.14-11.12.31:275][615]LogModuleManager: Shutting down and abandoning module WebMMediaEditor (590)
[2020.03.14-11.12.31:275][615]LogModuleManager: Shutting down and abandoning module WebMMedia (588)
[2020.03.14-11.12.31:275][615]LogModuleManager: Shutting down and abandoning module MediaPlayerEditor (586)
[2020.03.14-11.12.31:275][615]LogModuleManager: Shutting down and abandoning module MediaCompositingEditor (584)
[2020.03.14-11.12.31:275][615]LogModuleManager: Shutting down and abandoning module SequenceRecorder (583)
[2020.03.14-11.12.31:275][615]LogModuleManager: Shutting down and abandoning module OpenExrWrapper (580)
[2020.03.14-11.12.31:275][615]LogModuleManager: Shutting down and abandoning module ImgMediaFactory (578)
[2020.03.14-11.12.31:275][615]LogModuleManager: Shutting down and abandoning module ImgMediaEditor (576)
[2020.03.14-11.12.31:275][615]LogModuleManager: Shutting down and abandoning module AvfMediaFactory (574)
[2020.03.14-11.12.31:275][615]LogModuleManager: Shutting down and abandoning module AvfMediaEditor (572)
[2020.03.14-11.12.31:275][615]LogModuleManager: Shutting down and abandoning module AndroidMediaFactory (570)
[2020.03.14-11.12.31:275][615]LogModuleManager: Shutting down and abandoning module AndroidMediaEditor (568)
[2020.03.14-11.12.31:275][615]LogModuleManager: Shutting down and abandoning module MagicLeapCameraPreviewFactory (566)
[2020.03.14-11.12.31:275][615]LogModuleManager: Shutting down and abandoning module MagicLeapMediaCodecFactory (564)
[2020.03.14-11.12.31:275][615]LogModuleManager: Shutting down and abandoning module MagicLeapMediaFactory (562)
[2020.03.14-11.12.31:275][615]LogModuleManager: Shutting down and abandoning module MagicLeapMediaEditor (560)
[2020.03.14-11.12.31:275][615]LogModuleManager: Shutting down and abandoning module CharacterAI (558)
[2020.03.14-11.12.31:275][615]LogModuleManager: Shutting down and abandoning module SmartSnapping (556)
[2020.03.14-11.12.31:275][615]LogModuleManager: Shutting down and abandoning module SessionServices (554)
[2020.03.14-11.12.31:275][615]LogModuleManager: Shutting down and abandoning module MeshPaint (552)
[2020.03.14-11.12.31:275][615]LogModuleManager: Shutting down and abandoning module ViewportSnapping (550)
[2020.03.14-11.12.31:275][615]LogModuleManager: Shutting down and abandoning module ViewportInteraction (548)
[2020.03.14-11.12.31:275][615]LogModuleManager: Shutting down and abandoning module ClothPainter (546)
[2020.03.14-11.12.31:275][615]LogModuleManager: Shutting down and abandoning module SkeletalMeshEditor (545)
[2020.03.14-11.12.31:275][615]LogModuleManager: Shutting down and abandoning module LogVisualizer (542)
[2020.03.14-11.12.31:275][615]LogModuleManager: Shutting down and abandoning module IntroTutorials (540)
[2020.03.14-11.12.31:275][615]LogModuleManager: Shutting down and abandoning module GameProjectGeneration (539)
[2020.03.14-11.12.31:275][615]LogModuleManager: Shutting down and abandoning module LuminPlatformEditor (536)
[2020.03.14-11.12.31:275][615]LogModuleManager: Shutting down and abandoning module IOSPlatformEditor (534)
[2020.03.14-11.12.31:275][615]LogModuleManager: Shutting down and abandoning module HTML5PlatformEditor (532)
[2020.03.14-11.12.31:275][615]LogModuleManager: Shutting down and abandoning module AndroidPlatformEditor (530)
[2020.03.14-11.12.31:276][615]LogModuleManager: Shutting down and abandoning module AndroidDeviceDetection (529)
[2020.03.14-11.12.31:671][615]LogModuleManager: Shutting down and abandoning module WindowsPlatformEditor (526)
[2020.03.14-11.12.31:671][615]LogModuleManager: Shutting down and abandoning module LuminRuntimeSettings (524)
[2020.03.14-11.12.31:671][615]LogModuleManager: Shutting down and abandoning module IOSRuntimeSettings (522)
[2020.03.14-11.12.31:671][615]LogModuleManager: Shutting down and abandoning module AndroidRuntimeSettings (520)
[2020.03.14-11.12.31:671][615]LogModuleManager: Shutting down and abandoning module TimeManagementEditor (518)
[2020.03.14-11.12.31:671][615]LogModuleManager: Shutting down and abandoning module InputBindingEditor (516)
[2020.03.14-11.12.31:671][615]LogModuleManager: Shutting down and abandoning module MergeActors (514)
[2020.03.14-11.12.31:671][615]LogModuleManager: Shutting down and abandoning module LocalizationDashboard (512)
[2020.03.14-11.12.31:671][615]LogModuleManager: Shutting down and abandoning module LocalizationService (511)
[2020.03.14-11.12.31:671][615]LogModuleManager: Shutting down and abandoning module HardwareTargeting (508)
[2020.03.14-11.12.31:671][615]LogModuleManager: Shutting down and abandoning module DeviceProfileEditor (506)
[2020.03.14-11.12.31:671][615]LogModuleManager: Shutting down and abandoning module UndoHistory (504)
[2020.03.14-11.12.31:671][615]LogModuleManager: Shutting down and abandoning module XmlParser (502)
[2020.03.14-11.12.31:671][615]LogModuleManager: Shutting down and abandoning module Blutility (500)
[2020.03.14-11.12.31:671][615]LogModuleManager: Shutting down and abandoning module ProjectSettingsViewer (498)
[2020.03.14-11.12.31:671][615]LogModuleManager: Shutting down and abandoning module ProjectTargetPlatformEditor (497)
[2020.03.14-11.12.31:672][615]LogModuleManager: Shutting down and abandoning module EditorSettingsViewer (494)
[2020.03.14-11.12.31:672][615]LogModuleManager: Shutting down and abandoning module SettingsEditor (492)
[2020.03.14-11.12.31:672][615]LogModuleManager: Shutting down and abandoning module ProjectLauncher (490)
[2020.03.14-11.12.31:672][615]LogModuleManager: Shutting down and abandoning module SessionFrontend (488)
[2020.03.14-11.12.31:672][615]LogModuleManager: Shutting down and abandoning module ProfilerClient (486)
[2020.03.14-11.12.31:672][615]LogModuleManager: Shutting down and abandoning module DeviceManager (484)
[2020.03.14-11.12.31:672][615]LogModuleManager: Shutting down and abandoning module TargetDeviceServices (483)
[2020.03.14-11.12.31:705][615]LogModuleManager: Shutting down and abandoning module AutomationController (480)
[2020.03.14-11.12.31:705][615]LogModuleManager: Shutting down and abandoning module AutomationWindow (478)
[2020.03.14-11.12.31:705][615]LogModuleManager: Shutting down and abandoning module Layers (476)
[2020.03.14-11.12.31:705][615]LogModuleManager: Shutting down and abandoning module ComponentVisualizers (474)
[2020.03.14-11.12.31:705][615]LogModuleManager: Shutting down and abandoning module DetailCustomizations (472)
[2020.03.14-11.12.31:705][615]LogModuleManager: Shutting down and abandoning module PackagesDialog (470)
[2020.03.14-11.12.31:705][615]LogModuleManager: Shutting down and abandoning module AnimationBlueprintEditor (468)
[2020.03.14-11.12.31:705][615]LogModuleManager: Shutting down and abandoning module Persona (466)
[2020.03.14-11.12.31:705][615]LogModuleManager: Shutting down and abandoning module AdvancedPreviewScene (465)
[2020.03.14-11.12.31:705][615]LogModuleManager: Shutting down and abandoning module AnimGraph (463)
[2020.03.14-11.12.31:705][615]LogModuleManager: Shutting down and abandoning module Kismet (460)
[2020.03.14-11.12.31:705][615]LogModuleManager: Shutting down and abandoning module GraphEditor (458)
[2020.03.14-11.12.31:705][615]LogModuleManager: Shutting down and abandoning module ClassViewer (456)
[2020.03.14-11.12.31:705][615]LogModuleManager: Shutting down and abandoning module Toolbox (454)
[2020.03.14-11.12.31:705][615]LogModuleManager: Shutting down and abandoning module ModuleUI (452)
[2020.03.14-11.12.31:705][615]LogModuleManager: Shutting down and abandoning module MovieSceneTools (450)
[2020.03.14-11.12.31:705][615]LogModuleManager: Shutting down and abandoning module OutputLog (448)
[2020.03.14-11.12.31:705][615]LogModuleManager: Shutting down and abandoning module GammaUI (446)
[2020.03.14-11.12.31:705][615]LogModuleManager: Shutting down and abandoning module Documentation (444)
[2020.03.14-11.12.31:705][615]LogModuleManager: Shutting down and abandoning module LiveCoding (442)
[2020.03.14-11.12.31:705][615]LogModuleManager: Shutting down and abandoning module LevelSequence (440)
[2020.03.14-11.12.31:705][615]LogModuleManager: Shutting down and abandoning module MovieSceneTracks (438)
[2020.03.14-11.12.31:705][615]LogModuleManager: Shutting down and abandoning module MovieScene (436)
[2020.03.14-11.12.31:705][615]LogModuleManager: Shutting down and abandoning module StreamingPauseRendering (434)
[2020.03.14-11.12.31:705][615]LogModuleManager: Shutting down and abandoning module LauncherPlatform (432)
[2020.03.14-11.12.31:705][615]LogModuleManager: Shutting down and abandoning module AnalyticsET (430)
[2020.03.14-11.12.31:705][615]LogModuleManager: Shutting down and abandoning module PortalServices (428)
[2020.03.14-11.12.31:705][615]LogModuleManager: Shutting down and abandoning module PortalRpc (426)
[2020.03.14-11.12.31:705][615]LogModuleManager: Shutting down and abandoning module MessagingRpc (424)
[2020.03.14-11.12.31:705][615]LogModuleManager: Shutting down and abandoning module AIModule (422)
[2020.03.14-11.12.31:705][615]LogModuleManager: Shutting down and abandoning module GameplayDebugger (421)
[2020.03.14-11.12.31:705][615]LogModuleManager: Shutting down and abandoning module AITestSuite (419)
[2020.03.14-11.12.31:706][615]LogModuleManager: Shutting down and abandoning module NavigationSystem (417)
[2020.03.14-11.12.31:706][615]LogModuleManager: Shutting down and abandoning module ImageWriteQueue (414)
[2020.03.14-11.12.31:708][615]LogModuleManager: Shutting down and abandoning module ProfilerService (412)
[2020.03.14-11.12.31:812][615]LogModuleManager: Shutting down and abandoning module TaskGraph (410)
[2020.03.14-11.12.31:812][615]LogModuleManager: Shutting down and abandoning module KBEnginePlugins (408)
[2020.03.14-11.12.31:812][615]LogModuleManager: Shutting down and abandoning module SteamVRController (406)
[2020.03.14-11.12.31:812][615]LogModuleManager: Shutting down and abandoning module ProceduralMeshComponentEditor (404)
[2020.03.14-11.12.31:812][615]LogModuleManager: Shutting down and abandoning module ProceduralMeshComponent (402)
[2020.03.14-11.12.31:812][615]LogModuleManager: Shutting down and abandoning module OculusEditor (400)
[2020.03.14-11.12.31:812][615]LogModuleManager: Shutting down and abandoning module OculusInput (398)
[2020.03.14-11.12.31:812][615]LogModuleManager: Shutting down and abandoning module MobilePatchingUtils (396)
[2020.03.14-11.12.31:812][615]LogModuleManager: Shutting down and abandoning module EditableMesh (394)
[2020.03.14-11.12.31:812][615]LogModuleManager: Shutting down and abandoning module CustomMeshComponent (392)
[2020.03.14-11.12.31:812][615]LogModuleManager: Shutting down and abandoning module CableComponent (390)
[2020.03.14-11.12.31:812][615]LogModuleManager: Shutting down and abandoning module AudioCapture (388)
[2020.03.14-11.12.31:812][615]LogModuleManager: Shutting down and abandoning module ArchVisCharacter (386)
[2020.03.14-11.12.31:812][615]LogModuleManager: Shutting down and abandoning module AndroidPermission (384)
[2020.03.14-11.12.31:812][615]LogModuleManager: Shutting down and abandoning module NUTUnrealEngine4 (382)
[2020.03.14-11.12.31:812][615]LogModuleManager: Shutting down and abandoning module NetcodeUnitTest (380)
[2020.03.14-11.12.31:812][615]LogModuleManager: Shutting down and abandoning module MediaCompositing (378)
[2020.03.14-11.12.31:812][615]LogModuleManager: Shutting down and abandoning module LinearTimecode (376)
[2020.03.14-11.12.31:812][615]LogModuleManager: Shutting down and abandoning module ImgMedia (374)
[2020.03.14-11.12.31:813][615]LogModuleManager: Shutting down and abandoning module MagicLeapHelperVulkan (372)
[2020.03.14-11.12.31:813][615]LogModuleManager: Shutting down and abandoning module MagicLeapHelperOpenGL (370)
[2020.03.14-11.12.31:813][615]LogModuleManager: Shutting down and abandoning module MagicLeapAudio (368)
[2020.03.14-11.12.31:813][615]LogModuleManager: Shutting down and abandoning module HTML5Networking (366)
[2020.03.14-11.12.31:813][615]LogModuleManager: Shutting down and abandoning module GeometryCacheTracks (364)
[2020.03.14-11.12.31:813][615]LogModuleManager: Shutting down and abandoning module GeometryCacheSequencer (362)
[2020.03.14-11.12.31:813][615]LogModuleManager: Shutting down and abandoning module BackChannel (360)
[2020.03.14-11.12.31:813][615]LogModuleManager: Shutting down and abandoning module AppleVision (358)
[2020.03.14-11.12.31:813][615]LogModuleManager: Shutting down and abandoning module AppleImageUtilsBlueprintSupport (356)
[2020.03.14-11.12.31:813][615]LogModuleManager: Shutting down and abandoning module AppleImageUtils (354)
[2020.03.14-11.12.31:813][615]LogModuleManager: Shutting down and abandoning module AlembicImporter (352)
[2020.03.14-11.12.31:813][615]LogModuleManager: Shutting down and abandoning module AlembicLibrary (351)
[2020.03.14-11.12.31:813][615]LogModuleManager: Shutting down and abandoning module GeometryCache (350)
[2020.03.14-11.12.31:813][615]LogModuleManager: Shutting down and abandoning module GeometryCacheEd (349)
[2020.03.14-11.12.31:813][615]LogModuleManager: Shutting down and abandoning module VariantManagerContent (344)
[2020.03.14-11.12.31:813][615]LogModuleManager: Shutting down and abandoning module DatasmithContentEditor (342)
[2020.03.14-11.12.31:813][615]LogModuleManager: Shutting down and abandoning module SpeedTreeImporter (340)
[2020.03.14-11.12.31:813][615]LogModuleManager: Shutting down and abandoning module PluginBrowser (338)
[2020.03.14-11.12.31:813][615]LogModuleManager: Shutting down and abandoning module MobileLauncherProfileWizard (336)
[2020.03.14-11.12.31:813][615]LogModuleManager: Shutting down and abandoning module MaterialAnalyzer (334)
[2020.03.14-11.12.31:813][615]LogModuleManager: Shutting down and abandoning module CryptoKeysOpenSSL (332)
[2020.03.14-11.12.31:813][615]LogModuleManager: Shutting down and abandoning module CryptoKeys (330)
[2020.03.14-11.12.31:813][615]LogModuleManager: Shutting down and abandoning module VisualStudioSourceCodeAccess (328)
[2020.03.14-11.12.31:813][615]LogModuleManager: Shutting down and abandoning module VisualStudioCodeSourceCodeAccess (326)
[2020.03.14-11.12.31:813][615]LogModuleManager: Shutting down and abandoning module UObjectPlugin (324)
[2020.03.14-11.12.31:813][615]LogModuleManager: Shutting down and abandoning module SubversionSourceControl (322)
[2020.03.14-11.12.31:813][615]LogModuleManager: Shutting down and abandoning module PerforceSourceControl (320)
[2020.03.14-11.12.31:813][615]LogModuleManager: Shutting down and abandoning module GitSourceControl (318)
[2020.03.14-11.12.31:813][615]LogModuleManager: Shutting down and abandoning module SourceControl (317)
[2020.03.14-11.12.31:813][615]LogModuleManager: Shutting down and abandoning module CLionSourceCodeAccess (314)
[2020.03.14-11.12.31:813][615]LogModuleManager: Shutting down and abandoning module AnimationSharingEd (312)
[2020.03.14-11.12.31:813][615]LogModuleManager: Shutting down and abandoning module ActorLayerUtilitiesEditor (310)
[2020.03.14-11.12.31:813][615]LogModuleManager: Shutting down and abandoning module ActorLayerUtilities (308)
[2020.03.14-11.12.31:813][615]LogModuleManager: Shutting down and abandoning module LightPropagationVolumeEditor (306)
[2020.03.14-11.12.31:813][615]LogModuleManager: Shutting down and abandoning module PaperTiledImporter (304)
[2020.03.14-11.12.31:813][615]LogModuleManager: Shutting down and abandoning module PaperSpriteSheetImporter (302)
[2020.03.14-11.12.31:813][615]LogModuleManager: Shutting down and abandoning module Paper2DEditor (300)
[2020.03.14-11.12.31:813][615]LogModuleManager: Shutting down and abandoning module Client (298)
[2020.03.14-11.12.31:813][615]LogModuleManager: Shutting down and abandoning module SignificanceManager (296)
[2020.03.14-11.12.31:813][615]LogModuleManager: Shutting down and abandoning module RuntimePhysXCooking (294)
[2020.03.14-11.12.31:813][615]LogModuleManager: Shutting down and abandoning module PhysXVehiclesEditor (292)
[2020.03.14-11.12.31:813][615]LogModuleManager: Shutting down and abandoning module PhysXVehicles (290)
[2020.03.14-11.12.31:813][615]LogModuleManager: Shutting down and abandoning module LocationServicesBPLibrary (288)
[2020.03.14-11.12.31:813][615]LogModuleManager: Shutting down and abandoning module ActorSequence (286)
[2020.03.14-11.12.31:813][615]LogModuleManager: Shutting down and abandoning module UdpMessaging (284)
[2020.03.14-11.12.31:914][615]LogModuleManager: Shutting down and abandoning module TcpMessaging (282)
[2020.03.14-11.12.32:033][615]LogModuleManager: Shutting down and abandoning module MagicLeapIdentity (280)
[2020.03.14-11.12.32:033][615]LogModuleManager: Shutting down and abandoning module MagicLeapSecureStorage (278)
[2020.03.14-11.12.32:033][615]LogModuleManager: Shutting down and abandoning module MagicLeapHandTracking (276)
[2020.03.14-11.12.32:033][615]LogModuleManager: Shutting down and abandoning module MagicLeapEyeTracker (274)
[2020.03.14-11.12.32:033][615]LogModuleManager: Shutting down and abandoning module MagicLeapController (272)
[2020.03.14-11.12.32:033][615]LogSlate: Slate User Destroyed.  User Index 0, Is Virtual User: 0
[2020.03.14-11.12.32:033][615]LogModuleManager: Shutting down and abandoning module MagicLeapAR (270)
[2020.03.14-11.12.32:033][615]LogModuleManager: Shutting down and abandoning module AugmentedReality (269)
[2020.03.14-11.12.32:033][615]LogModuleManager: Shutting down and abandoning module GameplayTagsEditor (266)
[2020.03.14-11.12.32:033][615]LogModuleManager: Shutting down and abandoning module FacialAnimationEditor (264)
[2020.03.14-11.12.32:033][615]LogModuleManager: Shutting down and abandoning module FacialAnimation (262)
[2020.03.14-11.12.32:033][615]LogModuleManager: Shutting down and abandoning module DataValidation (260)
[2020.03.14-11.12.32:033][615]LogModuleManager: Shutting down and abandoning module AssetManagerEditor (258)
[2020.03.14-11.12.32:033][615]LogModuleManager: Shutting down and abandoning module LevelEditor (257)
[2020.03.14-11.12.32:034][615]LogModuleManager: Shutting down and abandoning module PixelInspectorModule (256)
[2020.03.14-11.12.32:034][615]LogModuleManager: Shutting down and abandoning module CommonMenuExtensions (254)
[2020.03.14-11.12.32:034][615]LogModuleManager: Shutting down and abandoning module MainFrame (252)
[2020.03.14-11.12.32:034][615]LogModuleManager: Shutting down and abandoning module HotReload (251)
[2020.03.14-11.12.32:034][615]LogModuleManager: Shutting down and abandoning module ContentBrowser (247)
[2020.03.14-11.12.32:035][615]LogModuleManager: Shutting down and abandoning module TreeMap (245)
[2020.03.14-11.12.32:035][615]LogModuleManager: Shutting down and abandoning module AnimationSharing (242)
[2020.03.14-11.12.32:035][615]LogModuleManager: Shutting down and abandoning module LightPropagationVolumeRuntime (240)
[2020.03.14-11.12.32:035][615]LogModuleManager: Shutting down and abandoning module AISupportModule (238)
[2020.03.14-11.12.32:035][615]LogModuleManager: Shutting down and abandoning module Paper2D (236)
[2020.03.14-11.12.32:035][615]LogModuleManager: Shutting down and abandoning module WindowsMoviePlayer (234)
[2020.03.14-11.12.32:035][615]LogModuleManager: Shutting down and abandoning module WebMMoviePlayer (232)
[2020.03.14-11.12.32:035][615]LogModuleManager: Shutting down and abandoning module PacketHandler (230)
[2020.03.14-11.12.32:035][615]LogModuleManager: Shutting down and abandoning module ClothingSystemEditor (228)
[2020.03.14-11.12.32:035][615]LogModuleManager: Shutting down and abandoning module ClothingSystemRuntime (226)
[2020.03.14-11.12.32:035][615]LogModuleManager: Shutting down and abandoning module MediaAssets (224)
[2020.03.14-11.12.32:035][615]LogModuleManager: Shutting down and abandoning module Overlay (222)
[2020.03.14-11.12.32:035][615]LogModuleManager: Shutting down and abandoning module OverlayEditor (221)
[2020.03.14-11.12.32:035][615]LogModuleManager: Shutting down and abandoning module VREditor (218)
[2020.03.14-11.12.32:035][615]LogModuleManager: Shutting down and abandoning module StringTableEditor (216)
[2020.03.14-11.12.32:035][615]LogModuleManager: Shutting down and abandoning module GameplayTasksEditor (214)
[2020.03.14-11.12.32:035][615]LogModuleManager: Shutting down and abandoning module BehaviorTreeEditor (212)
[2020.03.14-11.12.32:035][615]LogModuleManager: Shutting down and abandoning module FunctionalTesting (210)
[2020.03.14-11.12.32:035][615]LogModuleManager: Shutting down and abandoning module CollisionAnalyzer (208)
[2020.03.14-11.12.32:035][615]LogModuleManager: Shutting down and abandoning module WorkspaceMenuStructure (207)
[2020.03.14-11.12.32:035][615]LogModuleManager: Shutting down and abandoning module UMG (204)
[2020.03.14-11.12.32:035][615]LogModuleManager: Shutting down and abandoning module UMGEditor (203)
[2020.03.14-11.12.32:035][615]LogModuleManager: Shutting down and abandoning module Sequencer (202)
[2020.03.14-11.12.32:035][615]LogModuleManager: Shutting down and abandoning module MessageLog (199)
[2020.03.14-11.12.32:035][615]LogModuleManager: Shutting down and abandoning module SlateReflector (194)
[2020.03.14-11.12.32:036][615]LogModuleManager: Shutting down and abandoning module Slate (192)
[2020.03.14-11.12.32:036][615]LogModuleManager: Shutting down and abandoning module EditorStyle (190)
[2020.03.14-11.12.32:037][615]LogModuleManager: Shutting down and abandoning module UnrealEd (188)
[2020.03.14-11.12.32:037][615]LogModuleManager: Shutting down and abandoning module MRMesh (186)
[2020.03.14-11.12.32:037][615]LogModuleManager: Shutting down and abandoning module SourceCodeAccess (184)
[2020.03.14-11.12.32:037][615]LogModuleManager: Shutting down and abandoning module HeadMountedDisplay (182)
[2020.03.14-11.12.32:037][615]LogModuleManager: Shutting down and abandoning module XAudio2 (180)
[2020.03.14-11.12.32:037][615]LogModuleManager: Shutting down and abandoning module Networking (178)
[2020.03.14-11.12.32:037][615]LogModuleManager: Shutting down and abandoning module Core (176)
[2020.03.14-11.12.32:037][615]LogModuleManager: Shutting down and abandoning module KismetCompiler (174)
[2020.03.14-11.12.32:037][615]LogModuleManager: Shutting down and abandoning module MeshUtilities (172)
[2020.03.14-11.12.32:037][615]LogModuleManager: Shutting down and abandoning module MeshMergeUtilities (171)
[2020.03.14-11.12.32:037][615]LogModuleManager: Shutting down and abandoning module MeshReductionInterface (170)
[2020.03.14-11.12.32:037][615]LogModuleManager: Shutting down and abandoning module SkeletalMeshReduction (169)
[2020.03.14-11.12.32:037][615]LogModuleManager: Shutting down and abandoning module ProxyLODMeshReduction (167)
[2020.03.14-11.12.32:037][615]LogModuleManager: Shutting down and abandoning module QuadricMeshReduction (165)
[2020.03.14-11.12.32:037][615]LogModuleManager: Shutting down and abandoning module MaterialBaking (161)
[2020.03.14-11.12.32:037][615]LogModuleManager: Shutting down and abandoning module DerivedDataCache (156)
[2020.03.14-11.12.32:418][615]LogDerivedDataCache: Shutdown
[2020.03.14-11.12.32:418][615]LogModuleManager: Shutting down and abandoning module XGEController (154)
[2020.03.14-11.12.32:418][615]LogModuleManager: Shutting down and abandoning module TargetPlatform (152)
[2020.03.14-11.12.32:418][615]LogModuleManager: Shutting down and abandoning module VulkanShaderFormat (151)
[2020.03.14-11.12.32:418][615]LogModuleManager: Shutting down and abandoning module ShaderFormatVectorVM (149)
[2020.03.14-11.12.32:418][615]LogModuleManager: Shutting down and abandoning module ShaderFormatOpenGL (147)
[2020.03.14-11.12.32:418][615]LogModuleManager: Shutting down and abandoning module ShaderFormatD3D (145)
[2020.03.14-11.12.32:418][615]LogModuleManager: Shutting down and abandoning module MetalShaderFormat (143)
[2020.03.14-11.12.32:419][615]LogModuleManager: Shutting down and abandoning module TextureFormatUncompressed (141)
[2020.03.14-11.12.32:419][615]LogModuleManager: Shutting down and abandoning module TextureFormatPVR (139)
[2020.03.14-11.12.32:419][615]LogModuleManager: Shutting down and abandoning module TextureFormatDXT (137)
[2020.03.14-11.12.32:419][615]LogModuleManager: Shutting down and abandoning module TextureFormatIntelISPCTexComp (135)
[2020.03.14-11.12.32:419][615]LogModuleManager: Shutting down and abandoning module TextureFormatASTC (133)
[2020.03.14-11.12.32:419][615]LogModuleManager: Shutting down and abandoning module ImageWrapper (132)
[2020.03.14-11.12.32:419][615]LogModuleManager: Shutting down and abandoning module TextureFormatAndroid (129)
[2020.03.14-11.12.32:419][615]LogModuleManager: Shutting down and abandoning module AudioFormatOpus (127)
[2020.03.14-11.12.32:419][615]LogModuleManager: Shutting down and abandoning module AudioFormatOgg (125)
[2020.03.14-11.12.32:419][615]LogModuleManager: Shutting down and abandoning module AudioFormatADPCM (123)
[2020.03.14-11.12.32:419][615]LogModuleManager: Shutting down and abandoning module LuminTargetPlatform (121)
[2020.03.14-11.12.32:419][615]LogModuleManager: Shutting down and abandoning module LinuxTargetPlatform (119)
[2020.03.14-11.12.32:419][615]LogModuleManager: Shutting down and abandoning module LinuxServerTargetPlatform (117)
[2020.03.14-11.12.32:419][615]LogModuleManager: Shutting down and abandoning module LinuxNoEditorTargetPlatform (115)
[2020.03.14-11.12.32:419][615]LogModuleManager: Shutting down and abandoning module LinuxClientTargetPlatform (113)
[2020.03.14-11.12.32:419][615]LogModuleManager: Shutting down and abandoning module TVOSTargetPlatform (111)
[2020.03.14-11.12.32:420][615]LogModuleManager: Shutting down and abandoning module Messaging (109)
[2020.03.14-11.12.32:420][615]LogModuleManager: Shutting down and abandoning module IOSTargetPlatform (107)
[2020.03.14-11.12.32:420][615]LogModuleManager: Shutting down and abandoning module HTML5TargetPlatform (105)
[2020.03.14-11.12.32:420][615]LogModuleManager: Shutting down and abandoning module AndroidTargetPlatform (103)
[2020.03.14-11.12.32:424][615]LogModuleManager: Shutting down and abandoning module WindowsTargetPlatform (101)
[2020.03.14-11.12.32:424][615]LogModuleManager: Shutting down and abandoning module WindowsServerTargetPlatform (99)
[2020.03.14-11.12.32:424][615]LogModuleManager: Shutting down and abandoning module WindowsNoEditorTargetPlatform (97)
[2020.03.14-11.12.32:424][615]LogModuleManager: Shutting down and abandoning module WindowsClientTargetPlatform (95)
[2020.03.14-11.12.32:424][615]LogModuleManager: Shutting down and abandoning module MacTargetPlatform (93)
[2020.03.14-11.12.32:424][615]LogModuleManager: Shutting down and abandoning module MacServerTargetPlatform (91)
[2020.03.14-11.12.32:424][615]LogModuleManager: Shutting down and abandoning module MacNoEditorTargetPlatform (89)
[2020.03.14-11.12.32:424][615]LogModuleManager: Shutting down and abandoning module MacClientTargetPlatform (87)
[2020.03.14-11.12.32:424][615]LogModuleManager: Shutting down and abandoning module AllDesktopTargetPlatform (85)
[2020.03.14-11.12.32:424][615]LogModuleManager: Shutting down and abandoning module InputCore (82)
[2020.03.14-11.12.32:424][615]LogModuleManager: Shutting down and abandoning module Settings (80)
[2020.03.14-11.12.32:424][615]LogModuleManager: Shutting down and abandoning module DirectoryWatcher (78)
[2020.03.14-11.12.32:424][615]LogModuleManager: Shutting down and abandoning module PhysXCooking (76)
[2020.03.14-11.12.32:424][615]LogModuleManager: Shutting down and abandoning module SteamVR (74)
[2020.03.14-11.12.32:424][615]LogHMD: Freeing OpenVRDLLHandle.
[2020.03.14-11.12.32:424][615]LogModuleManager: Shutting down and abandoning module OculusHMD (72)
[2020.03.14-11.12.32:424][615]LogModuleManager: Shutting down and abandoning module ExampleDeviceProfileSelector (70)
[2020.03.14-11.12.32:424][615]LogModuleManager: Shutting down and abandoning module LauncherChunkInstaller (68)
[2020.03.14-11.12.32:424][615]LogModuleManager: Shutting down and abandoning module OnlineBlueprintSupport (66)
[2020.03.14-11.12.32:424][615]LogModuleManager: Shutting down and abandoning module OnlineSubsystem (62)
[2020.03.14-11.12.32:425][615]LogModuleManager: Shutting down and abandoning module XMPP (57)
[2020.03.14-11.12.32:425][615]LogModuleManager: Shutting down and abandoning module WebSockets (56)
[2020.03.14-11.12.32:434][615]LogModuleManager: Shutting down and abandoning module HTTP (53)
[2020.03.14-11.12.32:434][615]LogHttp: Display: Http module shutting down, but needs to wait on 1 outstanding Http requests:
[2020.03.14-11.12.32:434][615]LogHttp: Display: 	verb=[POST] url=[https://datarouter.ol.epicgames.com/datarouter/api/v1/public/data?SessionID=%7B0E00B602-44BD-2FF6-35AD-FB948FA3CE84%7D&AppID=UEEditor.Rocket.Release&AppVersion=4.22.3-7053642%2B%2B%2BUE4%2BRelease-4.22&UserID=e4468fa14a5ddf679baf218ace9ea93a%7Cb0beba4eb78249dba3ea169e8fec7565%7C766b6197-9cd1-4113-b94c-a2631a045890&AppEnvironment=datacollector-binary&UploadType=eteventstream] status=Processing
[2020.03.14-11.12.32:434][615]LogHttp: Display: Sleeping 0.5s to wait for 1 outstanding Http requests.
[2020.03.14-11.12.32:956][615]LogModuleManager: Shutting down and abandoning module SSL (52)
[2020.03.14-11.12.32:957][615]LogModuleManager: Shutting down and abandoning module WmfMedia (48)
[2020.03.14-11.12.32:958][615]LogModuleManager: Shutting down and abandoning module Media (47)
[2020.03.14-11.12.32:964][615]LogModuleManager: Shutting down and abandoning module MagicLeap (44)
[2020.03.14-11.12.32:964][615]LogModuleManager: Shutting down and abandoning module DatasmithContent (42)
[2020.03.14-11.12.32:964][615]LogModuleManager: Shutting down and abandoning module DesktopPlatform (40)
[2020.03.14-11.12.32:964][615]LogModuleManager: Shutting down and abandoning module AnimationModifiers (38)
[2020.03.14-11.12.32:964][615]LogModuleManager: Shutting down and abandoning module PropertyEditor (37)
[2020.03.14-11.12.32:964][615]LogModuleManager: Shutting down and abandoning module AudioEditor (34)
[2020.03.14-11.12.32:965][615]LogModuleManager: Shutting down and abandoning module TextureCompressor (32)
[2020.03.14-11.12.32:965][615]LogModuleManager: Shutting down and abandoning module RenderCore (30)
[2020.03.14-11.12.32:965][615]LogModuleManager: Shutting down and abandoning module Landscape (28)
[2020.03.14-11.12.32:965][615]LogModuleManager: Shutting down and abandoning module SlateRHIRenderer (26)
[2020.03.14-11.12.32:965][615]LogModuleManager: Shutting down and abandoning module OpenGLDrv (24)
[2020.03.14-11.12.32:965][615]LogModuleManager: Shutting down and abandoning module D3D11RHI (22)
[2020.03.14-11.12.32:965][615]LogModuleManager: Shutting down and abandoning module AnimGraphRuntime (20)
[2020.03.14-11.12.32:965][615]LogModuleManager: Shutting down and abandoning module Renderer (18)
[2020.03.14-11.12.32:965][615]LogModuleManager: Shutting down and abandoning module Engine (16)
[2020.03.14-11.12.32:965][615]LogModuleManager: Shutting down and abandoning module CoreUObject (14)
[2020.03.14-11.12.32:965][615]LogModuleManager: Shutting down and abandoning module NetworkFile (12)
[2020.03.14-11.12.32:965][615]LogModuleManager: Shutting down and abandoning module CookedIterativeFile (10)
[2020.03.14-11.12.32:965][615]LogModuleManager: Shutting down and abandoning module StreamingFile (8)
[2020.03.14-11.12.32:965][615]LogModuleManager: Shutting down and abandoning module SandboxFile (6)
[2020.03.14-11.12.32:965][615]LogModuleManager: Shutting down and abandoning module PakFile (4)
[2020.03.14-11.12.32:965][615]LogModuleManager: Shutting down and abandoning module RSA (3)
[2020.03.14-11.12.32:976][615]LogExit: Exiting.
[2020.03.14-11.12.33:010][615]Log file closed, 03/14/20 19:12:33
